0it [00:00, ?it/s]
332it [00:00, 3317.00it/s]
755it [00:00, 3546.02it/s]
952it [00:00, 2535.88it/s]
1413it [00:00, 2930.48it/s]
1887it [00:00, 3308.99it/s]
2379it [00:00, 3669.05it/s]
2873it [00:00, 3974.85it/s]
3388it [00:00, 4265.72it/s]
3975it [00:00, 4646.04it/s]
4462it [00:01, 3887.07it/s]
5075it [00:01, 4364.54it/s]
5697it [00:01, 4793.20it/s]
6319it [00:01, 5145.58it/s]
6932it [00:01, 5404.25it/s]
7549it [00:01, 5612.76it/s]
8179it [00:01, 5801.89it/s]
8777it [00:01, 4498.17it/s]
9405it [00:02, 4915.59it/s]
10055it [00:02, 5302.77it/s]
10690it [00:02, 5575.09it/s]
11339it [00:02, 5820.03it/s]
11985it [00:02, 5996.37it/s]
12643it [00:02, 6158.84it/s]
13275it [00:02, 4538.64it/s]
13917it [00:02, 4974.56it/s]
14567it [00:02, 5351.05it/s]
15230it [00:03, 5678.77it/s]
15884it [00:03, 5911.59it/s]
16551it [00:03, 6120.10it/s]
17219it [00:03, 6276.13it/s]
17885it [00:03, 6384.80it/s]
18556it [00:03, 6477.77it/s]
19214it [00:03, 4484.60it/s]
19886it [00:03, 4981.48it/s]
20556it [00:03, 5394.30it/s]
21226it [00:04, 5729.00it/s]
21900it [00:04, 5997.24it/s]
22566it [00:04, 6181.76it/s]
23236it [00:04, 6327.34it/s]
23908it [00:04, 6437.70it/s]
24574it [00:04, 6502.15it/s]
25248it [00:04, 6570.38it/s]
25915it [00:04, 6598.81it/s]
26581it [00:05, 4250.03it/s]
27255it [00:05, 4779.73it/s]
27938it [00:05, 5251.58it/s]
28614it [00:05, 5627.94it/s]
29297it [00:05, 5940.16it/s]
29976it [00:05, 6171.74it/s]
30658it [00:05, 6350.94it/s]
31333it [00:05, 6463.20it/s]
32007it [00:05, 6543.73it/s]
32676it [00:05, 6577.47it/s]
33348it [00:06, 6619.15it/s]
34031it [00:06, 6680.31it/s]
34720it [00:06, 6740.61it/s]
35398it [00:06, 6750.10it/s]
36076it [00:06, 4018.44it/s]
36755it [00:06, 4577.88it/s]
37440it [00:06, 5083.38it/s]
38124it [00:07, 5507.17it/s]
38802it [00:07, 5835.56it/s]
39484it [00:07, 6099.04it/s]
40167it [00:07, 6300.72it/s]
40853it [00:07, 6457.80it/s]
41539it [00:07, 6571.09it/s]
42226it [00:07, 6654.89it/s]
42915it [00:07, 6723.14it/s]
43605it [00:07, 6773.25it/s]
44292it [00:07, 6799.89it/s]
44987it [00:08, 6843.61it/s]
45683it [00:08, 6877.93it/s]
46378it [00:08, 6898.84it/s]
47071it [00:08, 6906.98it/s]
47763it [00:08, 3762.59it/s]
48454it [00:08, 4358.08it/s]
49143it [00:08, 4897.28it/s]
49831it [00:08, 5360.36it/s]
50523it [00:09, 5747.40it/s]
51212it [00:09, 6048.23it/s]
51907it [00:09, 6292.31it/s]
52594it [00:09, 6454.29it/s]
53287it [00:09, 6589.79it/s]
53979it [00:09, 6682.89it/s]
54676it [00:09, 6765.05it/s]
55370it [00:09, 6815.74it/s]
56063it [00:09, 6848.57it/s]
56760it [00:09, 6883.74it/s]
57453it [00:10, 6889.75it/s]
58153it [00:10, 6920.50it/s]
58850it [00:10, 6934.89it/s]
59545it [00:10, 6933.54it/s]
60240it [00:10, 6931.12it/s]
60934it [00:10, 6929.54it/s]
61628it [00:11, 3420.47it/s]
62310it [00:11, 4021.75it/s]
63003it [00:11, 4599.95it/s]
63700it [00:11, 5121.01it/s]
64391it [00:11, 5550.57it/s]
65084it [00:11, 5902.62it/s]
65781it [00:11, 6184.43it/s]
66484it [00:11, 6415.93it/s]
67179it [00:11, 6566.31it/s]
67874it [00:11, 6675.13it/s]
68563it [00:12, 6733.11it/s]
69260it [00:12, 6800.00it/s]
69953it [00:12, 6835.09it/s]
70653it [00:12, 6882.86it/s]
71351it [00:12, 6908.94it/s]
72054it [00:12, 6943.00it/s]
72751it [00:12, 6752.89it/s]
73443it [00:12, 6799.41it/s]
74136it [00:12, 6836.21it/s]
74829it [00:12, 6864.07it/s]
75526it [00:13, 6894.73it/s]
76222it [00:13, 6912.08it/s]
76921it [00:13, 6932.53it/s]
77622it [00:13, 6952.86it/s]
78318it [00:13, 6951.04it/s]
79016it [00:13, 6959.41it/s]
79713it [00:14, 3072.73it/s]
80409it [00:14, 3690.69it/s]
81112it [00:14, 4303.92it/s]
81810it [00:14, 4862.53it/s]
82508it [00:14, 5348.21it/s]
83213it [00:14, 5764.36it/s]
83914it [00:14, 6087.05it/s]
84616it [00:14, 6339.10it/s]
85317it [00:14, 6525.25it/s]
86014it [00:14, 6644.87it/s]
86373it [00:15, 5753.27it/s]

0it [00:00, ?it/s]
665it [00:00, 6648.47it/s]
1351it [00:00, 6709.93it/s]
2023it [00:00, 6711.11it/s]
2672it [00:00, 6643.04it/s]
3338it [00:00, 6646.21it/s]
4018it [00:00, 6690.65it/s]
4690it [00:00, 6697.48it/s]
5369it [00:00, 6724.23it/s]
6051it [00:00, 6752.04it/s]
6722it [00:01, 6739.29it/s]
6982it [00:01, 6710.33it/s]

0it [00:00, ?it/s]
9676it [00:00, 96745.56it/s]
19295it [00:00, 96577.76it/s]
28902it [00:00, 96424.55it/s]
38432it [00:00, 96082.36it/s]
48040it [00:00, 96079.96it/s]
57629it [00:00, 96021.27it/s]
67298it [00:00, 96216.42it/s]
76886it [00:00, 96115.00it/s]
86502it [00:00, 96127.77it/s]
93355it [00:00, 96084.41it/s]

0it [00:00, ?it/s]
4886it [00:00, 48851.08it/s]
13805it [00:00, 56515.06it/s]
25107it [00:00, 66481.09it/s]
37281it [00:00, 76956.13it/s]
50900it [00:00, 88497.12it/s]
65042it [00:00, 99683.03it/s]
79501it [00:00, 109925.04it/s]
94165it [00:00, 118849.94it/s]
109172it [00:00, 126748.02it/s]
124225it [00:01, 133050.07it/s]
139532it [00:01, 138471.67it/s]
154821it [00:01, 142487.39it/s]
170087it [00:01, 145393.57it/s]
185337it [00:01, 147436.04it/s]
200630it [00:01, 149031.36it/s]
215920it [00:01, 150154.93it/s]
231225it [00:01, 151004.58it/s]
246481it [00:01, 151466.29it/s]
261680it [00:01, 150799.61it/s]
276989it [00:02, 151473.32it/s]
292164it [00:02, 150770.26it/s]
307507it [00:02, 151557.85it/s]
322814it [00:02, 152008.28it/s]
338083it [00:02, 152197.33it/s]
353402it [00:02, 152486.44it/s]
368853it [00:02, 153080.59it/s]
384182it [00:02, 153142.52it/s]
399508it [00:02, 153159.07it/s]
400000it [00:02, 142475.52it/s]

Traceback (most recent call last):
  File "/home/jzda/anaconda3/envs/nlvr2/bin/allennlp", line 10, in <module>
    sys.exit(run())
  File "/home/jzda/anaconda3/envs/nlvr2/lib/python3.6/site-packages/allennlp/run.py", line 18, in run
    main(prog="allennlp")
  File "/home/jzda/anaconda3/envs/nlvr2/lib/python3.6/site-packages/allennlp/commands/__init__.py", line 101, in main
    args.func(args)
  File "/home/jzda/anaconda3/envs/nlvr2/lib/python3.6/site-packages/allennlp/commands/train.py", line 103, in train_model_from_args
    args.force)
  File "/home/jzda/anaconda3/envs/nlvr2/lib/python3.6/site-packages/allennlp/commands/train.py", line 136, in train_model_from_file
    return train_model(params, serialization_dir, file_friendly_logging, recover, force)
  File "/home/jzda/anaconda3/envs/nlvr2/lib/python3.6/site-packages/allennlp/commands/train.py", line 192, in train_model
    validation_iterator=pieces.validation_iterator)
  File "/home/jzda/anaconda3/envs/nlvr2/lib/python3.6/site-packages/allennlp/training/trainer.py", line 687, in from_params
    optimizer = Optimizer.from_params(parameters, params.pop("optimizer"))
  File "/home/jzda/anaconda3/envs/nlvr2/lib/python3.6/site-packages/allennlp/training/optimizers.py", line 131, in from_params
    return Optimizer.by_name(optimizer)(parameter_groups, **params_as_dict) # type: ignore
  File "/home/jzda/anaconda3/envs/nlvr2/lib/python3.6/site-packages/torch/optim/adagrad.py", line 40, in __init__
    state['sum'] = torch.full_like(p.data, initial_accumulator_value)
RuntimeError: $ Torch: not enough memory: you tried to allocate 8GB. Buy new RAM! at /pytorch/aten/src/TH/THGeneral.cpp:201
