0it [00:00, ?it/s]
377it [00:00, 3758.77it/s]
839it [00:00, 3981.34it/s]
1070it [00:00, 2968.27it/s]
1569it [00:00, 3378.67it/s]
2080it [00:00, 3760.40it/s]
2609it [00:00, 4116.13it/s]
3148it [00:00, 4428.35it/s]
3704it [00:00, 4715.25it/s]
4253it [00:00, 4923.64it/s]
4755it [00:01, 3987.57it/s]
5330it [00:01, 4389.75it/s]
5906it [00:01, 4725.61it/s]
6488it [00:01, 5007.95it/s]
7061it [00:01, 5204.16it/s]
7637it [00:01, 5359.11it/s]
8223it [00:01, 5499.83it/s]
8786it [00:01, 4225.37it/s]
9371it [00:02, 4609.03it/s]
9977it [00:02, 4963.39it/s]
10569it [00:02, 5215.19it/s]
11167it [00:02, 5422.16it/s]
11767it [00:02, 5582.02it/s]
12377it [00:02, 5726.59it/s]
12992it [00:02, 5846.95it/s]
13587it [00:02, 4243.44it/s]
14191it [00:02, 4657.49it/s]
14798it [00:03, 5006.82it/s]
15412it [00:03, 5298.40it/s]
16022it [00:03, 5515.07it/s]
16644it [00:03, 5707.16it/s]
17266it [00:03, 5851.04it/s]
17885it [00:03, 5946.54it/s]
18511it [00:03, 6034.97it/s]
19138it [00:03, 6101.70it/s]
19755it [00:04, 4166.39it/s]
20370it [00:04, 4611.90it/s]
21000it [00:04, 5014.58it/s]
21623it [00:04, 5326.09it/s]
22237it [00:04, 5546.46it/s]
22862it [00:04, 5739.19it/s]
23481it [00:04, 5866.18it/s]
24106it [00:04, 5973.85it/s]
24726it [00:04, 6037.23it/s]
25347it [00:04, 6087.43it/s]
25970it [00:05, 6129.00it/s]
26590it [00:05, 6148.77it/s]
27209it [00:05, 3931.43it/s]
27840it [00:05, 4432.44it/s]
28470it [00:05, 4863.74it/s]
29104it [00:05, 5228.10it/s]
29732it [00:05, 5503.69it/s]
30369it [00:05, 5736.11it/s]
30995it [00:05, 5882.76it/s]
31630it [00:06, 6015.14it/s]
32251it [00:06, 6066.87it/s]
32873it [00:06, 6110.65it/s]
33504it [00:06, 6168.76it/s]
34136it [00:06, 6213.01it/s]
34773it [00:06, 6251.31it/s]
35406it [00:06, 6273.94it/s]
36036it [00:06, 6278.65it/s]
36666it [00:07, 3702.87it/s]
37297it [00:07, 4225.92it/s]
37930it [00:07, 4693.86it/s]
38563it [00:07, 5086.97it/s]
39193it [00:07, 5397.39it/s]
39827it [00:07, 5648.50it/s]
40459it [00:07, 5833.61it/s]
41099it [00:07, 5991.42it/s]
41736it [00:07, 6097.05it/s]
42374it [00:08, 6178.49it/s]
43013it [00:08, 6237.99it/s]
43655it [00:08, 6290.60it/s]
44293it [00:08, 6315.24it/s]
44935it [00:08, 6345.15it/s]
45582it [00:08, 6380.94it/s]
46223it [00:08, 6387.90it/s]
46868it [00:08, 6405.24it/s]
47510it [00:08, 6409.00it/s]
48152it [00:09, 3464.10it/s]
48797it [00:09, 4022.50it/s]
49434it [00:09, 4521.89it/s]
50081it [00:09, 4969.56it/s]
50723it [00:09, 5330.16it/s]
51368it [00:09, 5622.76it/s]
52014it [00:09, 5849.99it/s]
52657it [00:09, 6010.82it/s]
53305it [00:10, 6142.37it/s]
53951it [00:10, 6232.65it/s]
54603it [00:10, 6313.64it/s]
55249it [00:10, 6355.25it/s]
55895it [00:10, 6384.56it/s]
56544it [00:10, 6415.00it/s]
57190it [00:10, 6424.73it/s]
57841it [00:10, 6448.98it/s]
58493it [00:10, 6468.16it/s]
59144it [00:10, 6478.16it/s]
59794it [00:11, 6482.95it/s]
60444it [00:11, 6486.98it/s]
61094it [00:11, 6476.44it/s]
61742it [00:11, 6471.50it/s]
62390it [00:11, 3167.54it/s]
63036it [00:11, 3739.06it/s]
63684it [00:11, 4281.66it/s]
64331it [00:12, 4764.70it/s]
64978it [00:12, 5172.14it/s]
65625it [00:12, 5503.08it/s]
66280it [00:12, 5779.38it/s]
66934it [00:12, 5986.70it/s]
67572it [00:12, 6098.35it/s]
68219it [00:12, 6203.93it/s]
68860it [00:12, 6257.40it/s]
69512it [00:12, 6332.39it/s]
70157it [00:12, 6364.85it/s]
70810it [00:13, 6411.65it/s]
71460it [00:13, 6434.85it/s]
72117it [00:13, 6472.89it/s]
72767it [00:13, 6475.54it/s]
73417it [00:13, 6462.04it/s]
74065it [00:13, 6464.61it/s]
74713it [00:13, 6460.59it/s]
75360it [00:13, 6463.16it/s]
76007it [00:13, 6448.93it/s]
76659it [00:13, 6469.89it/s]
77310it [00:14, 6480.08it/s]
77960it [00:14, 6485.71it/s]
78609it [00:14, 6483.59it/s]
79260it [00:14, 6488.84it/s]
79909it [00:14, 6487.90it/s]
80558it [00:14, 2840.79it/s]
81210it [00:15, 3419.08it/s]
81855it [00:15, 3979.48it/s]
82507it [00:15, 4505.64it/s]
83162it [00:15, 4970.11it/s]
83814it [00:15, 5348.82it/s]
84464it [00:15, 5647.25it/s]
85118it [00:15, 5885.81it/s]
85766it [00:15, 6052.12it/s]
86373it [00:15, 5435.53it/s]

0it [00:00, ?it/s]
619it [00:00, 6184.84it/s]
1258it [00:00, 6244.11it/s]
1885it [00:00, 6250.67it/s]
2496it [00:00, 6206.39it/s]
3112it [00:00, 6190.86it/s]
3737it [00:00, 6206.15it/s]
4370it [00:00, 6242.10it/s]
4999it [00:00, 6254.91it/s]
5634it [00:00, 6281.78it/s]
6272it [00:01, 6309.59it/s]
6890it [00:01, 6268.20it/s]
6982it [00:01, 6256.15it/s]

0it [00:00, ?it/s]
9221it [00:00, 92203.71it/s]
18426it [00:00, 92155.53it/s]
27590it [00:00, 91999.10it/s]
36654it [00:00, 91585.88it/s]
45759it [00:00, 91422.90it/s]
54953it [00:00, 91574.25it/s]
64063it [00:00, 91429.19it/s]
73217it [00:00, 91461.51it/s]
82352it [00:00, 91426.55it/s]
91490it [00:01, 91409.73it/s]
93355it [00:01, 91489.10it/s]

0it [00:00, ?it/s]
2908it [00:00, 29057.79it/s]
8833it [00:00, 34300.91it/s]
17944it [00:00, 42192.80it/s]
28542it [00:00, 51488.14it/s]
40410it [00:00, 62017.54it/s]
52730it [00:00, 72869.72it/s]
65585it [00:00, 83747.46it/s]
78648it [00:00, 93845.55it/s]
92057it [00:00, 103131.03it/s]
105432it [00:01, 110722.50it/s]
120537it [00:01, 120354.13it/s]
135992it [00:01, 128901.82it/s]
151454it [00:01, 135662.44it/s]
166625it [00:01, 140108.41it/s]
182025it [00:01, 144001.79it/s]
197656it [00:01, 147485.45it/s]
213264it [00:01, 149947.03it/s]
228845it [00:01, 151652.98it/s]
244497it [00:01, 153073.55it/s]
260129it [00:02, 154016.89it/s]
275616it [00:02, 153665.11it/s]
291043it [00:02, 152829.16it/s]
306369it [00:02, 152330.98it/s]
321641it [00:02, 152441.10it/s]
337271it [00:02, 153578.33it/s]
352717it [00:02, 153829.76it/s]
368401it [00:02, 154720.13it/s]
384098it [00:02, 155373.04it/s]
399643it [00:02, 154540.69it/s]
400000it [00:02, 137462.29it/s]

  0%|          | 0/2700 [00:00<?, ?it/s]
accuracy: 0.5625, accuracy3: 1.0000, loss: 3.2232 ||:   0%|          | 1/2700 [00:03<2:58:17,  3.96s/it]
accuracy: 0.5469, accuracy3: 1.0000, loss: 181580611585.6116 ||:   0%|          | 2/2700 [00:08<3:05:42,  4.13s/it]
accuracy: 0.4792, accuracy3: 1.0000, loss: 121090492857.0744 ||:   0%|          | 3/2700 [00:11<2:56:13,  3.92s/it]
accuracy: 0.4844, accuracy3: 1.0000, loss: 90817869729.7077 ||:   0%|          | 4/2700 [00:15<2:54:24,  3.88s/it] 
accuracy: 0.4625, accuracy3: 1.0000, loss: 72656022766.9662 ||:   0%|          | 5/2700 [00:19<2:48:17,  3.75s/it]
accuracy: 0.4792, accuracy3: 1.0000, loss: 60547330495.2218 ||:   0%|          | 6/2700 [00:23<2:53:23,  3.86s/it]
accuracy: 0.4911, accuracy3: 1.0000, loss: 51897995306.1366 ||:   0%|          | 7/2700 [00:26<2:46:17,  3.70s/it]
accuracy: 0.5039, accuracy3: 1.0000, loss: 45410824877.7601 ||:   0%|          | 8/2700 [00:30<2:51:59,  3.83s/it]
accuracy: 0.4861, accuracy3: 1.0000, loss: 40365218478.3944 ||:   0%|          | 9/2700 [00:34<2:51:57,  3.83s/it]
accuracy: 0.4781, accuracy3: 1.0000, loss: 36328697351.1370 ||:   0%|          | 10/2700 [00:38<2:50:53,  3.81s/it]
accuracy: 0.4886, accuracy3: 1.0000, loss: 33026106280.0067 ||:   0%|          | 11/2700 [00:42<2:57:02,  3.95s/it]
accuracy: 0.4818, accuracy3: 1.0000, loss: 30273932134.7792 ||:   0%|          | 12/2700 [00:46<2:54:20,  3.89s/it]
accuracy: 0.4856, accuracy3: 1.0000, loss: 27945168480.1061 ||:   0%|          | 13/2700 [00:50<2:52:40,  3.86s/it]
accuracy: 0.4866, accuracy3: 1.0000, loss: 25949085190.6914 ||:   1%|          | 14/2700 [00:53<2:52:13,  3.85s/it]
accuracy: 0.4875, accuracy3: 1.0000, loss: 24219146189.7075 ||:   1%|          | 15/2700 [00:57<2:46:55,  3.73s/it]
accuracy: 0.4902, accuracy3: 1.0000, loss: 22705449567.0443 ||:   1%|          | 16/2700 [01:01<2:47:59,  3.76s/it]
accuracy: 0.4853, accuracy3: 1.0000, loss: 21369834888.0982 ||:   1%|          | 17/2700 [01:05<2:53:47,  3.89s/it]
accuracy: 0.4774, accuracy3: 1.0000, loss: 20182621843.6749 ||:   1%|          | 18/2700 [01:09<2:57:06,  3.96s/it]
accuracy: 0.4786, accuracy3: 1.0000, loss: 19120378590.4900 ||:   1%|          | 19/2700 [01:13<2:52:23,  3.86s/it]
accuracy: 0.4781, accuracy3: 1.0000, loss: 18164359676.7160 ||:   1%|          | 20/2700 [01:17<2:52:12,  3.86s/it]
accuracy: 0.4777, accuracy3: 1.0000, loss: 17299390174.5027 ||:   1%|          | 21/2700 [01:21<3:00:09,  4.03s/it]
accuracy: 0.4801, accuracy3: 1.0000, loss: 16513054257.5661 ||:   1%|          | 22/2700 [01:25<3:06:00,  4.17s/it]
accuracy: 0.4837, accuracy3: 1.0000, loss: 15795095377.1264 ||:   1%|          | 23/2700 [01:29<3:01:43,  4.07s/it]
accuracy: 0.4805, accuracy3: 1.0000, loss: 15136966403.2225 ||:   1%|          | 24/2700 [01:33<3:01:49,  4.08s/it]
accuracy: 0.4838, accuracy3: 1.0000, loss: 14531487747.1564 ||:   1%|          | 25/2700 [01:38<3:04:34,  4.14s/it]
accuracy: 0.4844, accuracy3: 1.0000, loss: 13972584372.4013 ||:   1%|          | 26/2700 [01:41<2:59:09,  4.02s/it]
accuracy: 0.4884, accuracy3: 1.0000, loss: 13455081247.5414 ||:   1%|1         | 27/2700 [01:45<2:55:13,  3.93s/it]
accuracy: 0.4888, accuracy3: 1.0000, loss: 12974542631.5829 ||:   1%|1         | 28/2700 [01:49<2:53:31,  3.90s/it]
accuracy: 0.4903, accuracy3: 1.0000, loss: 12527144609.8472 ||:   1%|1         | 29/2700 [01:53<3:00:58,  4.07s/it]
accuracy: 0.4906, accuracy3: 1.0000, loss: 12109573122.8795 ||:   1%|1         | 30/2700 [01:57<2:58:23,  4.01s/it]
accuracy: 0.4889, accuracy3: 1.0000, loss: 11718941731.9524 ||:   1%|1         | 31/2700 [02:02<3:01:56,  4.09s/it]
accuracy: 0.4922, accuracy3: 1.0000, loss: 11352724802.8497 ||:   1%|1         | 32/2700 [02:05<2:59:18,  4.03s/it]
accuracy: 0.4943, accuracy3: 1.0000, loss: 11008702839.1464 ||:   1%|1         | 33/2700 [02:09<2:53:09,  3.90s/it]
accuracy: 0.5009, accuracy3: 1.0000, loss: 10684917461.5430 ||:   1%|1         | 34/2700 [02:13<2:51:14,  3.85s/it]
accuracy: 0.5027, accuracy3: 1.0000, loss: 10379634105.5354 ||:   1%|1         | 35/2700 [02:17<2:52:52,  3.89s/it]
accuracy: 0.4948, accuracy3: 1.0000, loss: 10091310935.9572 ||:   1%|1         | 36/2700 [02:21<2:50:29,  3.84s/it]
accuracy: 0.4924, accuracy3: 1.0000, loss: 9818572802.5723 ||:   1%|1         | 37/2700 [02:26<3:08:21,  4.24s/it] 
accuracy: 0.4934, accuracy3: 1.0000, loss: 9560189307.7957 ||:   1%|1         | 38/2700 [02:30<3:10:39,  4.30s/it]
accuracy: 0.4936, accuracy3: 1.0000, loss: 9315056248.6395 ||:   1%|1         | 39/2700 [02:34<3:02:39,  4.12s/it]
accuracy: 0.4953, accuracy3: 1.0000, loss: 9082179842.4400 ||:   1%|1         | 40/2700 [02:38<3:09:08,  4.27s/it]
accuracy: 0.4954, accuracy3: 1.0000, loss: 8860663260.9360 ||:   2%|1         | 41/2700 [02:43<3:08:14,  4.25s/it]
accuracy: 0.4926, accuracy3: 1.0000, loss: 8649695088.0733 ||:   2%|1         | 42/2700 [02:47<3:10:26,  4.30s/it]
accuracy: 0.4927, accuracy3: 1.0000, loss: 8448539388.3676 ||:   2%|1         | 43/2700 [02:51<3:09:31,  4.28s/it]
accuracy: 0.4943, accuracy3: 1.0000, loss: 8256527129.5567 ||:   2%|1         | 44/2700 [02:55<2:59:18,  4.05s/it]
accuracy: 0.4951, accuracy3: 1.0000, loss: 8073048748.9161 ||:   2%|1         | 45/2700 [02:59<2:58:47,  4.04s/it]
accuracy: 0.5000, accuracy3: 1.0000, loss: 7897547689.1718 ||:   2%|1         | 46/2700 [03:02<2:50:50,  3.86s/it]
accuracy: 0.5007, accuracy3: 1.0000, loss: 7729514759.6296 ||:   2%|1         | 47/2700 [03:06<2:54:17,  3.94s/it]
accuracy: 0.5007, accuracy3: 1.0000, loss: 7568483202.1546 ||:   2%|1         | 48/2700 [03:11<3:03:06,  4.14s/it]
accuracy: 0.5006, accuracy3: 1.0000, loss: 7414024361.3085 ||:   2%|1         | 49/2700 [03:15<2:56:54,  4.00s/it]
accuracy: 0.5019, accuracy3: 1.0000, loss: 7265743874.0962 ||:   2%|1         | 50/2700 [03:19<2:57:08,  4.01s/it]
accuracy: 0.5000, accuracy3: 1.0000, loss: 7123278307.9512 ||:   2%|1         | 51/2700 [03:23<2:54:37,  3.96s/it]
accuracy: 0.4994, accuracy3: 1.0000, loss: 6986292186.6579 ||:   2%|1         | 52/2700 [03:26<2:52:57,  3.92s/it]
accuracy: 0.4976, accuracy3: 1.0000, loss: 6854475352.9606 ||:   2%|1         | 53/2700 [03:31<2:59:21,  4.07s/it]
accuracy: 0.4942, accuracy3: 1.0000, loss: 6727540624.2152 ||:   2%|2         | 54/2700 [03:35<3:01:20,  4.11s/it]
accuracy: 0.4926, accuracy3: 1.0000, loss: 6605221703.7876 ||:   2%|2         | 55/2700 [03:38<2:52:47,  3.92s/it]
accuracy: 0.4916, accuracy3: 1.0000, loss: 6487271316.2323 ||:   2%|2         | 56/2700 [03:42<2:52:01,  3.90s/it]
accuracy: 0.4923, accuracy3: 1.0000, loss: 6373459538.7667 ||:   2%|2         | 57/2700 [03:46<2:48:41,  3.83s/it]
accuracy: 0.4930, accuracy3: 1.0000, loss: 6263572305.3517 ||:   2%|2         | 58/2700 [03:50<2:45:29,  3.76s/it]
accuracy: 0.4910, accuracy3: 1.0000, loss: 6157410062.8999 ||:   2%|2         | 59/2700 [03:53<2:43:45,  3.72s/it]
accuracy: 0.4896, accuracy3: 1.0000, loss: 6054786561.8633 ||:   2%|2         | 60/2700 [03:57<2:47:00,  3.80s/it]
accuracy: 0.4892, accuracy3: 1.0000, loss: 5955527765.7785 ||:   2%|2         | 61/2700 [04:01<2:45:34,  3.76s/it]
accuracy: 0.4879, accuracy3: 1.0000, loss: 5859470866.3417 ||:   2%|2         | 62/2700 [04:04<2:41:49,  3.68s/it]
accuracy: 0.4886, accuracy3: 1.0000, loss: 5766463392.2838 ||:   2%|2         | 63/2700 [04:08<2:42:37,  3.70s/it]
accuracy: 0.4888, accuracy3: 1.0000, loss: 5676362401.7902 ||:   2%|2         | 64/2700 [04:13<2:53:30,  3.95s/it]
accuracy: 0.4885, accuracy3: 1.0000, loss: 5589033749.4656 ||:   2%|2         | 65/2700 [04:16<2:51:10,  3.90s/it]
accuracy: 0.4867, accuracy3: 1.0000, loss: 5504351419.9389 ||:   2%|2         | 66/2700 [04:20<2:50:58,  3.89s/it]
accuracy: 0.4874, accuracy3: 1.0000, loss: 5422196921.1442 ||:   2%|2         | 67/2700 [04:26<3:09:19,  4.31s/it]
accuracy: 0.4867, accuracy3: 1.0000, loss: 5342458731.1378 ||:   3%|2         | 68/2700 [04:29<2:58:30,  4.07s/it]
accuracy: 0.4869, accuracy3: 1.0000, loss: 5265031793.0154 ||:   3%|2         | 69/2700 [04:35<3:16:20,  4.48s/it]
accuracy: 0.4862, accuracy3: 1.0000, loss: 5189817053.1251 ||:   3%|2         | 70/2700 [04:39<3:21:46,  4.60s/it]
accuracy: 0.4837, accuracy3: 1.0000, loss: 5116721038.3022 ||:   3%|2         | 71/2700 [04:43<3:13:18,  4.41s/it]
accuracy: 0.4848, accuracy3: 1.0000, loss: 5045655468.3354 ||:   3%|2         | 72/2700 [04:48<3:11:34,  4.37s/it]
accuracy: 0.4859, accuracy3: 1.0000, loss: 4976536900.2855 ||:   3%|2         | 73/2700 [04:52<3:15:09,  4.46s/it]
accuracy: 0.4848, accuracy3: 1.0000, loss: 4909286401.6424 ||:   3%|2         | 74/2700 [04:57<3:13:54,  4.43s/it]
accuracy: 0.4829, accuracy3: 1.0000, loss: 4843829249.6298 ||:   3%|2         | 75/2700 [05:01<3:12:12,  4.39s/it]
accuracy: 0.4815, accuracy3: 1.0000, loss: 4780094654.2491 ||:   3%|2         | 76/2700 [05:05<3:01:58,  4.16s/it]
accuracy: 0.4821, accuracy3: 1.0000, loss: 4718015502.9042 ||:   3%|2         | 77/2700 [05:08<2:57:19,  4.06s/it]
accuracy: 0.4812, accuracy3: 1.0000, loss: 4657528124.6707 ||:   3%|2         | 78/2700 [05:13<2:58:45,  4.09s/it]
accuracy: 0.4810, accuracy3: 1.0000, loss: 4598572072.4685 ||:   3%|2         | 79/2700 [05:16<2:51:15,  3.92s/it]
accuracy: 0.4813, accuracy3: 1.0000, loss: 4541089921.5713 ||:   3%|2         | 80/2700 [05:20<2:49:55,  3.89s/it]
accuracy: 0.4834, accuracy3: 1.0000, loss: 4485027083.0418 ||:   3%|3         | 81/2700 [05:23<2:41:11,  3.69s/it]
accuracy: 0.4836, accuracy3: 1.0000, loss: 4430331630.8181 ||:   3%|3         | 82/2700 [05:27<2:47:33,  3.84s/it]
accuracy: 0.4834, accuracy3: 1.0000, loss: 4376954141.2985 ||:   3%|3         | 83/2700 [05:31<2:43:59,  3.76s/it]
accuracy: 0.4836, accuracy3: 1.0000, loss: 4324847544.3865 ||:   3%|3         | 84/2700 [05:34<2:38:29,  3.64s/it]
accuracy: 0.4838, accuracy3: 1.0000, loss: 4273966985.0489 ||:   3%|3         | 85/2700 [05:38<2:42:06,  3.72s/it]
accuracy: 0.4847, accuracy3: 1.0000, loss: 4224269694.5333 ||:   3%|3         | 86/2700 [05:42<2:38:03,  3.63s/it]
accuracy: 0.4846, accuracy3: 1.0000, loss: 4175714870.4661 ||:   3%|3         | 87/2700 [05:46<2:48:18,  3.86s/it]
accuracy: 0.4872, accuracy3: 1.0000, loss: 4128263565.1277 ||:   3%|3         | 88/2700 [05:50<2:45:03,  3.79s/it]
accuracy: 0.4874, accuracy3: 1.0000, loss: 4081878581.2578 ||:   3%|3         | 89/2700 [05:54<2:47:49,  3.86s/it]
accuracy: 0.4868, accuracy3: 1.0000, loss: 4036524374.8071 ||:   3%|3         | 90/2700 [05:58<2:52:57,  3.98s/it]
accuracy: 0.4873, accuracy3: 1.0000, loss: 3992166964.1026 ||:   3%|3         | 91/2700 [06:01<2:47:27,  3.85s/it]
accuracy: 0.4881, accuracy3: 1.0000, loss: 3948773844.9351 ||:   3%|3         | 92/2700 [06:06<2:55:36,  4.04s/it]
accuracy: 0.4879, accuracy3: 1.0000, loss: 3906313911.1261 ||:   3%|3         | 93/2700 [06:10<2:52:40,  3.97s/it]
accuracy: 0.4877, accuracy3: 1.0000, loss: 3864757380.1641 ||:   3%|3         | 94/2700 [06:15<3:07:52,  4.33s/it]
accuracy: 0.4885, accuracy3: 1.0000, loss: 3824075723.5380 ||:   4%|3         | 95/2700 [06:19<3:04:45,  4.26s/it]
accuracy: 0.4909, accuracy3: 1.0000, loss: 3784241601.4251 ||:   4%|3         | 96/2700 [06:23<2:56:59,  4.08s/it]
accuracy: 0.4903, accuracy3: 1.0000, loss: 3745228801.4175 ||:   4%|3         | 97/2700 [06:27<3:01:10,  4.18s/it]
accuracy: 0.4898, accuracy3: 1.0000, loss: 3707012181.0020 ||:   4%|3         | 98/2700 [06:30<2:51:10,  3.95s/it]
accuracy: 0.4918, accuracy3: 1.0000, loss: 3669567613.5241 ||:   4%|3         | 99/2700 [06:34<2:46:42,  3.85s/it]
accuracy: 0.4931, accuracy3: 1.0000, loss: 3632871937.3958 ||:   4%|3         | 100/2700 [06:38<2:49:02,  3.90s/it]
accuracy: 0.4944, accuracy3: 1.0000, loss: 3596902908.3195 ||:   4%|3         | 101/2700 [06:42<2:47:14,  3.86s/it]
accuracy: 0.4945, accuracy3: 1.0000, loss: 3561639154.3232 ||:   4%|3         | 102/2700 [06:47<3:04:57,  4.27s/it]
accuracy: 0.4951, accuracy3: 1.0000, loss: 3527060133.4142 ||:   4%|3         | 103/2700 [06:51<3:02:14,  4.21s/it]
accuracy: 0.4958, accuracy3: 1.0000, loss: 3493146093.6765 ||:   4%|3         | 104/2700 [06:55<2:56:36,  4.08s/it]
accuracy: 0.4958, accuracy3: 1.0000, loss: 3459878035.6481 ||:   4%|3         | 105/2700 [06:59<2:52:03,  3.98s/it]
accuracy: 0.4956, accuracy3: 1.0000, loss: 3427237676.8277 ||:   4%|3         | 106/2700 [07:02<2:45:54,  3.84s/it]
accuracy: 0.4968, accuracy3: 1.0000, loss: 3395207418.1722 ||:   4%|3         | 107/2700 [07:06<2:47:29,  3.88s/it]
accuracy: 0.4974, accuracy3: 1.0000, loss: 3363770312.4548 ||:   4%|4         | 108/2700 [07:10<2:44:32,  3.81s/it]
accuracy: 0.4980, accuracy3: 1.0000, loss: 3332910034.3652 ||:   4%|4         | 109/2700 [07:14<2:48:46,  3.91s/it]
accuracy: 0.4980, accuracy3: 1.0000, loss: 3302610852.2409 ||:   4%|4         | 110/2700 [07:18<2:45:21,  3.83s/it]
accuracy: 0.4994, accuracy3: 1.0000, loss: 3272857601.3259 ||:   4%|4         | 111/2700 [07:22<2:48:33,  3.91s/it]
accuracy: 0.5003, accuracy3: 1.0000, loss: 3243635658.4628 ||:   4%|4         | 112/2700 [07:25<2:41:15,  3.74s/it]
accuracy: 0.4997, accuracy3: 1.0000, loss: 3214930918.1290 ||:   4%|4         | 113/2700 [07:29<2:47:44,  3.89s/it]
accuracy: 0.5000, accuracy3: 1.0000, loss: 3186729769.7305 ||:   4%|4         | 114/2700 [07:33<2:47:07,  3.88s/it]
accuracy: 0.4992, accuracy3: 1.0000, loss: 3159019076.0868 ||:   4%|4         | 115/2700 [07:37<2:47:34,  3.89s/it]
accuracy: 0.4984, accuracy3: 1.0000, loss: 3131786153.0231 ||:   4%|4         | 116/2700 [07:41<2:51:01,  3.97s/it]
accuracy: 0.4971, accuracy3: 1.0000, loss: 3105018750.0117 ||:   4%|4         | 117/2700 [07:45<2:47:38,  3.89s/it]
accuracy: 0.4976, accuracy3: 1.0000, loss: 3078705031.7971 ||:   4%|4         | 118/2700 [07:50<3:05:56,  4.32s/it]
accuracy: 0.4984, accuracy3: 1.0000, loss: 3052833560.9475 ||:   4%|4         | 119/2700 [07:54<2:57:10,  4.12s/it]
accuracy: 0.4990, accuracy3: 1.0000, loss: 3027393281.2787 ||:   4%|4         | 120/2700 [07:57<2:49:15,  3.94s/it]
accuracy: 0.4995, accuracy3: 1.0000, loss: 3002373502.1003 ||:   4%|4         | 121/2700 [08:01<2:48:45,  3.93s/it]
accuracy: 0.5003, accuracy3: 1.0000, loss: 2977763883.2363 ||:   5%|4         | 122/2700 [08:05<2:49:00,  3.93s/it]
accuracy: 0.4997, accuracy3: 1.0000, loss: 2953554420.7766 ||:   5%|4         | 123/2700 [08:09<2:42:03,  3.77s/it]
accuracy: 0.5008, accuracy3: 1.0000, loss: 2929735433.5179 ||:   5%|4         | 124/2700 [08:14<3:00:35,  4.21s/it]
accuracy: 0.5008, accuracy3: 1.0000, loss: 2906297550.0553 ||:   5%|4         | 125/2700 [08:18<2:57:10,  4.13s/it]
accuracy: 0.5002, accuracy3: 1.0000, loss: 2883231696.4889 ||:   5%|4         | 126/2700 [08:21<2:47:36,  3.91s/it]
accuracy: 0.5002, accuracy3: 1.0000, loss: 2860529084.7109 ||:   5%|4         | 127/2700 [08:25<2:49:16,  3.95s/it]
accuracy: 0.5005, accuracy3: 1.0000, loss: 2838181201.2420 ||:   5%|4         | 128/2700 [08:29<2:46:15,  3.88s/it]
accuracy: 0.4998, accuracy3: 1.0000, loss: 2816179796.5867 ||:   5%|4         | 129/2700 [08:33<2:47:47,  3.92s/it]
accuracy: 0.4998, accuracy3: 1.0000, loss: 2794516875.0799 ||:   5%|4         | 130/2700 [08:38<2:58:33,  4.17s/it]
accuracy: 0.5005, accuracy3: 1.0000, loss: 2773184685.1991 ||:   5%|4         | 131/2700 [08:41<2:50:40,  3.99s/it]
accuracy: 0.4998, accuracy3: 1.0000, loss: 2752175710.3165 ||:   5%|4         | 132/2700 [08:46<2:53:22,  4.05s/it]
accuracy: 0.5005, accuracy3: 1.0000, loss: 2731482659.8682 ||:   5%|4         | 133/2700 [08:49<2:48:11,  3.93s/it]
accuracy: 0.5009, accuracy3: 1.0000, loss: 2711098460.9191 ||:   5%|4         | 134/2700 [08:53<2:40:58,  3.76s/it]
accuracy: 0.4995, accuracy3: 1.0000, loss: 2691016250.1027 ||:   5%|5         | 135/2700 [08:57<2:50:06,  3.98s/it]
accuracy: 0.4989, accuracy3: 1.0000, loss: 2671229365.9158 ||:   5%|5         | 136/2700 [09:02<3:01:13,  4.24s/it]
accuracy: 0.4984, accuracy3: 1.0000, loss: 2651731341.3522 ||:   5%|5         | 137/2700 [09:06<2:54:17,  4.08s/it]
accuracy: 0.4991, accuracy3: 1.0000, loss: 2632515896.8546 ||:   5%|5         | 138/2700 [09:09<2:50:33,  3.99s/it]
accuracy: 0.4993, accuracy3: 1.0000, loss: 2613576933.5729 ||:   5%|5         | 139/2700 [09:13<2:44:02,  3.84s/it]
accuracy: 0.4998, accuracy3: 1.0000, loss: 2594908526.9095 ||:   5%|5         | 140/2700 [09:18<2:55:02,  4.10s/it]
accuracy: 0.4993, accuracy3: 1.0000, loss: 2576504920.3406 ||:   5%|5         | 141/2700 [09:22<2:54:38,  4.09s/it]
accuracy: 0.4991, accuracy3: 1.0000, loss: 2558360519.4980 ||:   5%|5         | 142/2700 [09:25<2:44:12,  3.85s/it]
accuracy: 0.4983, accuracy3: 1.0000, loss: 2540469886.4994 ||:   5%|5         | 143/2700 [09:29<2:43:14,  3.83s/it]
accuracy: 0.4976, accuracy3: 1.0000, loss: 2522827734.5146 ||:   5%|5         | 144/2700 [09:32<2:40:31,  3.77s/it]
accuracy: 0.4972, accuracy3: 1.0000, loss: 2505428922.5573 ||:   5%|5         | 145/2700 [09:37<2:47:09,  3.93s/it]
accuracy: 0.4983, accuracy3: 1.0000, loss: 2488268450.4897 ||:   5%|5         | 146/2700 [09:41<2:49:18,  3.98s/it]
accuracy: 0.4985, accuracy3: 1.0000, loss: 2471341454.2326 ||:   5%|5         | 147/2700 [09:45<2:50:01,  4.00s/it]
accuracy: 0.4983, accuracy3: 1.0000, loss: 2454643201.1681 ||:   5%|5         | 148/2700 [09:48<2:43:40,  3.85s/it]
accuracy: 0.4985, accuracy3: 1.0000, loss: 2438169085.7287 ||:   6%|5         | 149/2700 [09:52<2:41:01,  3.79s/it]
accuracy: 0.4985, accuracy3: 1.0000, loss: 2421914625.1618 ||:   6%|5         | 150/2700 [09:55<2:36:39,  3.69s/it]
accuracy: 0.4981, accuracy3: 1.0000, loss: 2405875455.4633 ||:   6%|5         | 151/2700 [09:59<2:32:03,  3.58s/it]
accuracy: 0.4990, accuracy3: 1.0000, loss: 2390047327.4714 ||:   6%|5         | 152/2700 [10:03<2:38:00,  3.72s/it]
accuracy: 0.4988, accuracy3: 1.0000, loss: 2374426103.1134 ||:   6%|5         | 153/2700 [10:06<2:35:02,  3.65s/it]
accuracy: 0.4998, accuracy3: 1.0000, loss: 2359007751.7990 ||:   6%|5         | 154/2700 [10:10<2:34:46,  3.65s/it]
accuracy: 0.4998, accuracy3: 1.0000, loss: 2343788346.9531 ||:   6%|5         | 155/2700 [10:14<2:36:29,  3.69s/it]
accuracy: 0.4994, accuracy3: 1.0000, loss: 2328764062.6822 ||:   6%|5         | 156/2700 [10:17<2:33:48,  3.63s/it]
accuracy: 0.5000, accuracy3: 1.0000, loss: 2313931170.5676 ||:   6%|5         | 157/2700 [10:21<2:32:14,  3.59s/it]
accuracy: 0.5002, accuracy3: 1.0000, loss: 2299286036.5811 ||:   6%|5         | 158/2700 [10:25<2:36:23,  3.69s/it]
accuracy: 0.5008, accuracy3: 1.0000, loss: 2284825118.1164 ||:   6%|5         | 159/2700 [10:30<2:52:01,  4.06s/it]
accuracy: 0.5002, accuracy3: 1.0000, loss: 2270544961.1325 ||:   6%|5         | 160/2700 [10:33<2:46:53,  3.94s/it]
accuracy: 0.5002, accuracy3: 1.0000, loss: 2256442197.4031 ||:   6%|5         | 161/2700 [10:37<2:41:55,  3.83s/it]
accuracy: 0.4996, accuracy3: 1.0000, loss: 2242513541.8678 ||:   6%|6         | 162/2700 [10:41<2:43:52,  3.87s/it]
accuracy: 0.4998, accuracy3: 1.0000, loss: 2228755790.0815 ||:   6%|6         | 163/2700 [10:45<2:52:30,  4.08s/it]
accuracy: 0.5002, accuracy3: 1.0000, loss: 2215165815.7559 ||:   6%|6         | 164/2700 [10:49<2:50:07,  4.02s/it]
accuracy: 0.5004, accuracy3: 1.0000, loss: 2201740568.3919 ||:   6%|6         | 165/2700 [10:53<2:49:37,  4.01s/it]
accuracy: 0.5004, accuracy3: 1.0000, loss: 2188477070.9961 ||:   6%|6         | 166/2700 [10:57<2:46:42,  3.95s/it]
accuracy: 0.5007, accuracy3: 1.0000, loss: 2175372417.8805 ||:   6%|6         | 167/2700 [11:01<2:43:50,  3.88s/it]
accuracy: 0.5002, accuracy3: 1.0000, loss: 2162423772.5401 ||:   6%|6         | 168/2700 [11:04<2:41:05,  3.82s/it]
accuracy: 0.5004, accuracy3: 1.0000, loss: 2149628365.6061 ||:   6%|6         | 169/2700 [11:08<2:42:23,  3.85s/it]
accuracy: 0.4991, accuracy3: 1.0000, loss: 2136983492.8714 ||:   6%|6         | 170/2700 [11:12<2:40:48,  3.81s/it]
accuracy: 0.4991, accuracy3: 1.0000, loss: 2124486513.3850 ||:   6%|6         | 171/2700 [11:16<2:39:01,  3.77s/it]
accuracy: 0.4993, accuracy3: 1.0000, loss: 2112134847.6135 ||:   6%|6         | 172/2700 [11:20<2:40:41,  3.81s/it]
accuracy: 0.4993, accuracy3: 1.0000, loss: 2099925975.6660 ||:   6%|6         | 173/2700 [11:24<2:47:21,  3.97s/it]
accuracy: 0.4996, accuracy3: 1.0000, loss: 2087857435.5799 ||:   6%|6         | 174/2700 [11:28<2:45:55,  3.94s/it]
accuracy: 0.4996, accuracy3: 1.0000, loss: 2075926821.6663 ||:   6%|6         | 175/2700 [11:32<2:43:41,  3.89s/it]
accuracy: 0.4993, accuracy3: 1.0000, loss: 2064131782.9108 ||:   7%|6         | 176/2700 [11:35<2:40:55,  3.83s/it]
accuracy: 0.4988, accuracy3: 1.0000, loss: 2052470021.4293 ||:   7%|6         | 177/2700 [11:39<2:41:03,  3.83s/it]
accuracy: 0.4993, accuracy3: 1.0000, loss: 2040939290.9757 ||:   7%|6         | 178/2700 [11:43<2:46:54,  3.97s/it]
accuracy: 0.4990, accuracy3: 1.0000, loss: 2029537395.4993 ||:   7%|6         | 179/2700 [11:47<2:41:33,  3.85s/it]
accuracy: 0.4983, accuracy3: 1.0000, loss: 2018262187.7504 ||:   7%|6         | 180/2700 [11:51<2:46:21,  3.96s/it]
accuracy: 0.4983, accuracy3: 1.0000, loss: 2007111567.9324 ||:   7%|6         | 181/2700 [11:55<2:39:16,  3.79s/it]
accuracy: 0.4986, accuracy3: 1.0000, loss: 1996083482.3981 ||:   7%|6         | 182/2700 [11:58<2:38:43,  3.78s/it]
accuracy: 0.4988, accuracy3: 1.0000, loss: 1985175922.3888 ||:   7%|6         | 183/2700 [12:02<2:36:59,  3.74s/it]
accuracy: 0.4990, accuracy3: 1.0000, loss: 1974386922.8144 ||:   7%|6         | 184/2700 [12:06<2:37:45,  3.76s/it]
accuracy: 0.4993, accuracy3: 1.0000, loss: 1963714561.0732 ||:   7%|6         | 185/2700 [12:10<2:41:38,  3.86s/it]
accuracy: 0.4992, accuracy3: 1.0000, loss: 1953156955.9098 ||:   7%|6         | 186/2700 [12:14<2:51:23,  4.09s/it]
accuracy: 0.4990, accuracy3: 1.0000, loss: 1942712266.3097 ||:   7%|6         | 187/2700 [12:18<2:45:28,  3.95s/it]
accuracy: 0.4988, accuracy3: 1.0000, loss: 1932378690.4288 ||:   7%|6         | 188/2700 [12:22<2:45:52,  3.96s/it]
accuracy: 0.4990, accuracy3: 1.0000, loss: 1922154464.5572 ||:   7%|7         | 189/2700 [12:26<2:43:15,  3.90s/it]
accuracy: 0.5003, accuracy3: 1.0000, loss: 1912037862.1158 ||:   7%|7         | 190/2700 [12:30<2:50:54,  4.09s/it]
accuracy: 0.5000, accuracy3: 1.0000, loss: 1902027192.6842 ||:   7%|7         | 191/2700 [12:34<2:44:24,  3.93s/it]
accuracy: 0.5000, accuracy3: 1.0000, loss: 1892120801.0593 ||:   7%|7         | 192/2700 [12:38<2:40:46,  3.85s/it]
accuracy: 0.4998, accuracy3: 1.0000, loss: 1882317066.3424 ||:   7%|7         | 193/2700 [12:42<2:46:10,  3.98s/it]
accuracy: 0.5003, accuracy3: 1.0000, loss: 1872614401.0555 ||:   7%|7         | 194/2700 [12:46<2:43:30,  3.91s/it]
accuracy: 0.5008, accuracy3: 1.0000, loss: 1863011250.2844 ||:   7%|7         | 195/2700 [12:49<2:42:10,  3.88s/it]
accuracy: 0.5006, accuracy3: 1.0000, loss: 1853506090.8477 ||:   7%|7         | 196/2700 [12:54<2:45:53,  3.98s/it]
accuracy: 0.5003, accuracy3: 1.0000, loss: 1844097430.4916 ||:   7%|7         | 197/2700 [12:58<2:48:20,  4.04s/it]
accuracy: 0.4997, accuracy3: 1.0000, loss: 1834783807.1088 ||:   7%|7         | 198/2700 [13:02<2:44:27,  3.94s/it]
accuracy: 0.4992, accuracy3: 1.0000, loss: 1825563787.9811 ||:   7%|7         | 199/2700 [13:06<2:52:05,  4.13s/it]
accuracy: 0.4995, accuracy3: 1.0000, loss: 1816435969.0447 ||:   7%|7         | 200/2700 [13:10<2:49:28,  4.07s/it]
accuracy: 0.4995, accuracy3: 1.0000, loss: 1807398974.1772 ||:   7%|7         | 201/2700 [13:14<2:51:46,  4.12s/it]
accuracy: 0.4995, accuracy3: 1.0000, loss: 1798451454.5065 ||:   7%|7         | 202/2700 [13:19<2:53:04,  4.16s/it]
accuracy: 0.5002, accuracy3: 1.0000, loss: 1789592087.7390 ||:   8%|7         | 203/2700 [13:23<2:51:20,  4.12s/it]
accuracy: 0.4997, accuracy3: 1.0000, loss: 1780819577.5084 ||:   8%|7         | 204/2700 [13:26<2:48:00,  4.04s/it]
accuracy: 0.5003, accuracy3: 1.0000, loss: 1772132652.7434 ||:   8%|7         | 205/2700 [13:30<2:45:39,  3.98s/it]
accuracy: 0.5009, accuracy3: 1.0000, loss: 1763530067.0538 ||:   8%|7         | 206/2700 [13:34<2:37:50,  3.80s/it]
accuracy: 0.5006, accuracy3: 1.0000, loss: 1755010598.1342 ||:   8%|7         | 207/2700 [13:38<2:39:57,  3.85s/it]
accuracy: 0.5005, accuracy3: 1.0000, loss: 1746573047.1850 ||:   8%|7         | 208/2700 [13:41<2:36:30,  3.77s/it]
accuracy: 0.5012, accuracy3: 1.0000, loss: 1738216238.3501 ||:   8%|7         | 209/2700 [13:45<2:41:48,  3.90s/it]
accuracy: 0.5013, accuracy3: 1.0000, loss: 1729939018.1708 ||:   8%|7         | 210/2700 [13:50<2:50:46,  4.12s/it]
accuracy: 0.5015, accuracy3: 1.0000, loss: 1721740255.0547 ||:   8%|7         | 211/2700 [13:54<2:52:59,  4.17s/it]
accuracy: 0.5018, accuracy3: 1.0000, loss: 1713618838.7606 ||:   8%|7         | 212/2700 [13:58<2:50:17,  4.11s/it]
accuracy: 0.5021, accuracy3: 1.0000, loss: 1705573679.8964 ||:   8%|7         | 213/2700 [14:02<2:44:36,  3.97s/it]
accuracy: 0.5015, accuracy3: 1.0000, loss: 1697603709.4329 ||:   8%|7         | 214/2700 [14:06<2:44:34,  3.97s/it]
accuracy: 0.5009, accuracy3: 1.0000, loss: 1689707878.2294 ||:   8%|7         | 215/2700 [14:09<2:39:50,  3.86s/it]
accuracy: 0.5009, accuracy3: 1.0000, loss: 1681885156.5742 ||:   8%|8         | 216/2700 [14:14<2:45:58,  4.01s/it]
accuracy: 0.5001, accuracy3: 1.0000, loss: 1674134533.7360 ||:   8%|8         | 217/2700 [14:18<2:45:48,  4.01s/it]
accuracy: 0.5004, accuracy3: 1.0000, loss: 1666455017.5294 ||:   8%|8         | 218/2700 [14:22<2:41:47,  3.91s/it]
accuracy: 0.5004, accuracy3: 1.0000, loss: 1658845633.8909 ||:   8%|8         | 219/2700 [14:25<2:37:08,  3.80s/it]
accuracy: 0.5003, accuracy3: 1.0000, loss: 1651305426.4672 ||:   8%|8         | 220/2700 [14:29<2:40:34,  3.88s/it]
accuracy: 0.4997, accuracy3: 1.0000, loss: 1643833456.2149 ||:   8%|8         | 221/2700 [14:33<2:35:46,  3.77s/it]
accuracy: 0.4996, accuracy3: 1.0000, loss: 1636428801.0098 ||:   8%|8         | 222/2700 [14:36<2:35:56,  3.78s/it]
accuracy: 0.5001, accuracy3: 1.0000, loss: 1629090555.2685 ||:   8%|8         | 223/2700 [14:41<2:46:17,  4.03s/it]
accuracy: 0.5006, accuracy3: 1.0000, loss: 1621817829.5784 ||:   8%|8         | 224/2700 [14:45<2:46:09,  4.03s/it]
accuracy: 0.5001, accuracy3: 1.0000, loss: 1614609750.3389 ||:   8%|8         | 225/2700 [14:49<2:39:11,  3.86s/it]
accuracy: 0.5000, accuracy3: 1.0000, loss: 1607465459.4113 ||:   8%|8         | 226/2700 [14:52<2:39:13,  3.86s/it]
accuracy: 0.5001, accuracy3: 1.0000, loss: 1600384113.7782 ||:   8%|8         | 227/2700 [14:56<2:32:35,  3.70s/it]
accuracy: 0.5000, accuracy3: 1.0000, loss: 1593364885.2120 ||:   8%|8         | 228/2700 [15:00<2:35:55,  3.78s/it]
accuracy: 0.5000, accuracy3: 1.0000, loss: 1586406959.9521 ||:   8%|8         | 229/2700 [15:04<2:40:25,  3.90s/it]
accuracy: 0.5001, accuracy3: 1.0000, loss: 1579509538.3901 ||:   9%|8         | 230/2700 [15:09<2:51:59,  4.18s/it]
accuracy: 0.5003, accuracy3: 1.0000, loss: 1572671834.7637 ||:   9%|8         | 231/2700 [15:13<2:47:31,  4.07s/it]
accuracy: 0.5000, accuracy3: 1.0000, loss: 1565893076.8582 ||:   9%|8         | 232/2700 [15:17<2:50:11,  4.14s/it]
accuracy: 0.4996, accuracy3: 1.0000, loss: 1559172505.7159 ||:   9%|8         | 233/2700 [15:21<2:55:41,  4.27s/it]
accuracy: 0.5003, accuracy3: 1.0000, loss: 1552509375.3526 ||:   9%|8         | 234/2700 [15:25<2:52:25,  4.20s/it]
accuracy: 0.5005, accuracy3: 1.0000, loss: 1545902952.4817 ||:   9%|8         | 235/2700 [15:29<2:47:14,  4.07s/it]
accuracy: 0.5001, accuracy3: 1.0000, loss: 1539352516.2453 ||:   9%|8         | 236/2700 [15:34<2:54:52,  4.26s/it]
accuracy: 0.5004, accuracy3: 1.0000, loss: 1532857357.9518 ||:   9%|8         | 237/2700 [15:39<3:00:37,  4.40s/it]
accuracy: 0.5009, accuracy3: 1.0000, loss: 1526416780.8205 ||:   9%|8         | 238/2700 [15:42<2:49:28,  4.13s/it]
accuracy: 0.5004, accuracy3: 1.0000, loss: 1520030099.7321 ||:   9%|8         | 239/2700 [15:46<2:45:26,  4.03s/it]
accuracy: 0.5004, accuracy3: 1.0000, loss: 1513696640.9861 ||:   9%|8         | 240/2700 [15:50<2:39:35,  3.89s/it]
accuracy: 0.5012, accuracy3: 1.0000, loss: 1507415742.0637 ||:   9%|8         | 241/2700 [15:53<2:40:25,  3.91s/it]
accuracy: 0.5008, accuracy3: 1.0000, loss: 1501186751.3969 ||:   9%|8         | 242/2700 [15:58<2:47:27,  4.09s/it]
accuracy: 0.5010, accuracy3: 1.0000, loss: 1495009028.1429 ||:   9%|9         | 243/2700 [16:02<2:42:43,  3.97s/it]
accuracy: 0.5012, accuracy3: 1.0000, loss: 1488881941.9649 ||:   9%|9         | 244/2700 [16:06<2:44:51,  4.03s/it]
accuracy: 0.5017, accuracy3: 1.0000, loss: 1482804872.8168 ||:   9%|9         | 245/2700 [16:10<2:48:27,  4.12s/it]
accuracy: 0.5018, accuracy3: 1.0000, loss: 1476777210.7350 ||:   9%|9         | 246/2700 [16:14<2:43:50,  4.01s/it]
accuracy: 0.5022, accuracy3: 1.0000, loss: 1470798355.6336 ||:   9%|9         | 247/2700 [16:18<2:42:24,  3.97s/it]
accuracy: 0.5021, accuracy3: 1.0000, loss: 1464867717.1056 ||:   9%|9         | 248/2700 [16:22<2:44:09,  4.02s/it]
accuracy: 0.5020, accuracy3: 1.0000, loss: 1458984714.2285 ||:   9%|9         | 249/2700 [16:26<2:40:44,  3.93s/it]
accuracy: 0.5015, accuracy3: 1.0000, loss: 1453148775.3743 ||:   9%|9         | 250/2700 [16:29<2:32:11,  3.73s/it]
accuracy: 0.5017, accuracy3: 1.0000, loss: 1447359338.0250 ||:   9%|9         | 251/2700 [16:33<2:34:34,  3.79s/it]
accuracy: 0.5014, accuracy3: 1.0000, loss: 1441615848.5912 ||:   9%|9         | 252/2700 [16:36<2:31:42,  3.72s/it]
accuracy: 0.5014, accuracy3: 1.0000, loss: 1435917762.2358 ||:   9%|9         | 253/2700 [16:41<2:41:59,  3.97s/it]
accuracy: 0.5018, accuracy3: 1.0000, loss: 1430264542.7022 ||:   9%|9         | 254/2700 [16:45<2:42:00,  3.97s/it]
accuracy: 0.5017, accuracy3: 1.0000, loss: 1424655662.1453 ||:   9%|9         | 255/2700 [16:49<2:39:44,  3.92s/it]
accuracy: 0.5015, accuracy3: 1.0000, loss: 1419090600.9678 ||:   9%|9         | 256/2700 [16:53<2:45:25,  4.06s/it]
accuracy: 0.5009, accuracy3: 1.0000, loss: 1413568847.6593 ||:  10%|9         | 257/2700 [16:57<2:48:45,  4.14s/it]
accuracy: 0.5012, accuracy3: 1.0000, loss: 1408089898.6400 ||:  10%|9         | 258/2700 [17:01<2:43:19,  4.01s/it]
accuracy: 0.5013, accuracy3: 1.0000, loss: 1402653258.1074 ||:  10%|9         | 259/2700 [17:05<2:42:16,  3.99s/it]
accuracy: 0.5010, accuracy3: 1.0000, loss: 1397258437.8866 ||:  10%|9         | 260/2700 [17:09<2:37:42,  3.88s/it]
accuracy: 0.5011, accuracy3: 1.0000, loss: 1391904957.2843 ||:  10%|9         | 261/2700 [17:12<2:34:11,  3.79s/it]
accuracy: 0.5008, accuracy3: 1.0000, loss: 1386592342.9462 ||:  10%|9         | 262/2700 [17:16<2:36:28,  3.85s/it]
accuracy: 0.5014, accuracy3: 1.0000, loss: 1381320128.7171 ||:  10%|9         | 263/2700 [17:20<2:35:43,  3.83s/it]
accuracy: 0.5018, accuracy3: 1.0000, loss: 1376087855.5049 ||:  10%|9         | 264/2700 [17:24<2:39:55,  3.94s/it]
accuracy: 0.5012, accuracy3: 1.0000, loss: 1370895071.1471 ||:  10%|9         | 265/2700 [17:28<2:41:15,  3.97s/it]
accuracy: 0.5016, accuracy3: 1.0000, loss: 1365741330.2807 ||:  10%|9         | 266/2700 [17:32<2:36:11,  3.85s/it]
accuracy: 0.5013, accuracy3: 1.0000, loss: 1360626194.2149 ||:  10%|9         | 267/2700 [17:35<2:33:02,  3.77s/it]
accuracy: 0.5013, accuracy3: 1.0000, loss: 1355549230.8062 ||:  10%|9         | 268/2700 [17:40<2:37:54,  3.90s/it]
accuracy: 0.5006, accuracy3: 1.0000, loss: 1350510014.3374 ||:  10%|9         | 269/2700 [17:44<2:44:13,  4.05s/it]
accuracy: 0.5003, accuracy3: 1.0000, loss: 1345508125.3980 ||:  10%|#         | 270/2700 [17:49<2:48:51,  4.17s/it]
accuracy: 0.5001, accuracy3: 1.0000, loss: 1340543150.7681 ||:  10%|#         | 271/2700 [17:52<2:45:46,  4.09s/it]
accuracy: 0.5000, accuracy3: 1.0000, loss: 1335614683.3046 ||:  10%|#         | 272/2700 [17:56<2:40:34,  3.97s/it]
accuracy: 0.5005, accuracy3: 1.0000, loss: 1330722321.8298 ||:  10%|#         | 273/2700 [18:00<2:43:11,  4.03s/it]
accuracy: 0.4999, accuracy3: 1.0000, loss: 1325865671.0227 ||:  10%|#         | 274/2700 [18:04<2:40:15,  3.96s/it]
accuracy: 0.4992, accuracy3: 1.0000, loss: 1321044341.3124 ||:  10%|#         | 275/2700 [18:08<2:34:56,  3.83s/it]
accuracy: 0.4992, accuracy3: 1.0000, loss: 1316257948.7740 ||:  10%|#         | 276/2700 [18:11<2:31:38,  3.75s/it]
accuracy: 0.4986, accuracy3: 1.0000, loss: 1311506115.0264 ||:  10%|#         | 277/2700 [18:15<2:37:10,  3.89s/it]
accuracy: 0.4984, accuracy3: 1.0000, loss: 1306788467.1331 ||:  10%|#         | 278/2700 [18:19<2:38:13,  3.92s/it]
accuracy: 0.4979, accuracy3: 1.0000, loss: 1302104637.5043 ||:  10%|#         | 279/2700 [18:23<2:40:04,  3.97s/it]
accuracy: 0.4974, accuracy3: 1.0000, loss: 1297454263.8014 ||:  10%|#         | 280/2700 [18:28<2:47:13,  4.15s/it]
accuracy: 0.4970, accuracy3: 1.0000, loss: 1292836988.8437 ||:  10%|#         | 281/2700 [18:32<2:40:34,  3.98s/it]
accuracy: 0.4969, accuracy3: 1.0000, loss: 1288252460.5169 ||:  10%|#         | 282/2700 [18:35<2:35:27,  3.86s/it]
accuracy: 0.4966, accuracy3: 1.0000, loss: 1283700331.6837 ||:  10%|#         | 283/2700 [18:40<2:42:48,  4.04s/it]
accuracy: 0.4967, accuracy3: 1.0000, loss: 1279180260.0957 ||:  11%|#         | 284/2700 [18:43<2:39:03,  3.95s/it]
accuracy: 0.4968, accuracy3: 1.0000, loss: 1274691908.3083 ||:  11%|#         | 285/2700 [18:47<2:37:58,  3.92s/it]
accuracy: 0.4973, accuracy3: 1.0000, loss: 1270234943.5963 ||:  11%|#         | 286/2700 [18:51<2:33:18,  3.81s/it]
accuracy: 0.4964, accuracy3: 1.0000, loss: 1265809037.8719 ||:  11%|#         | 287/2700 [18:55<2:40:14,  3.98s/it]
accuracy: 0.4965, accuracy3: 1.0000, loss: 1261413867.6040 ||:  11%|#         | 288/2700 [18:59<2:40:10,  3.98s/it]
accuracy: 0.4961, accuracy3: 1.0000, loss: 1257049113.7392 ||:  11%|#         | 289/2700 [19:03<2:40:37,  4.00s/it]
accuracy: 0.4957, accuracy3: 1.0000, loss: 1252714461.6253 ||:  11%|#         | 290/2700 [19:07<2:35:44,  3.88s/it]
accuracy: 0.4962, accuracy3: 1.0000, loss: 1248409600.9348 ||:  11%|#         | 291/2700 [19:11<2:43:08,  4.06s/it]
accuracy: 0.4960, accuracy3: 1.0000, loss: 1244134225.5915 ||:  11%|#         | 292/2700 [19:15<2:42:05,  4.04s/it]
accuracy: 0.4965, accuracy3: 1.0000, loss: 1239888033.6976 ||:  11%|#         | 293/2700 [19:19<2:40:13,  3.99s/it]
accuracy: 0.4965, accuracy3: 1.0000, loss: 1235670727.4629 ||:  11%|#         | 294/2700 [19:23<2:39:53,  3.99s/it]
accuracy: 0.4969, accuracy3: 1.0000, loss: 1231482013.1349 ||:  11%|#         | 295/2700 [19:27<2:34:39,  3.86s/it]
accuracy: 0.4970, accuracy3: 1.0000, loss: 1227321600.9307 ||:  11%|#         | 296/2700 [19:30<2:30:23,  3.75s/it]
accuracy: 0.4971, accuracy3: 1.0000, loss: 1223189204.9703 ||:  11%|#1        | 297/2700 [19:34<2:36:18,  3.90s/it]
accuracy: 0.4972, accuracy3: 1.0000, loss: 1219084543.2110 ||:  11%|#1        | 298/2700 [19:38<2:33:40,  3.84s/it]
accuracy: 0.4972, accuracy3: 1.0000, loss: 1215007337.3832 ||:  11%|#1        | 299/2700 [19:42<2:35:38,  3.89s/it]
accuracy: 0.4970, accuracy3: 1.0000, loss: 1210957312.9275 ||:  11%|#1        | 300/2700 [19:46<2:35:31,  3.89s/it]
accuracy: 0.4968, accuracy3: 1.0000, loss: 1206934198.9334 ||:  11%|#1        | 301/2700 [19:50<2:31:24,  3.79s/it]
accuracy: 0.4963, accuracy3: 1.0000, loss: 1202937728.0783 ||:  11%|#1        | 302/2700 [19:54<2:38:12,  3.96s/it]
accuracy: 0.4964, accuracy3: 1.0000, loss: 1198967636.5688 ||:  11%|#1        | 303/2700 [19:58<2:33:39,  3.85s/it]
accuracy: 0.4966, accuracy3: 1.0000, loss: 1195023664.0823 ||:  11%|#1        | 304/2700 [20:01<2:31:42,  3.80s/it]
accuracy: 0.4969, accuracy3: 1.0000, loss: 1191105553.7106 ||:  11%|#1        | 305/2700 [20:05<2:30:38,  3.77s/it]
accuracy: 0.4966, accuracy3: 1.0000, loss: 1187213051.9033 ||:  11%|#1        | 306/2700 [20:09<2:32:54,  3.83s/it]
accuracy: 0.4968, accuracy3: 1.0000, loss: 1183345908.4140 ||:  11%|#1        | 307/2700 [20:13<2:36:40,  3.93s/it]
accuracy: 0.4964, accuracy3: 1.0000, loss: 1179503876.2461 ||:  11%|#1        | 308/2700 [20:16<2:28:23,  3.72s/it]
accuracy: 0.4967, accuracy3: 1.0000, loss: 1175686711.6003 ||:  11%|#1        | 309/2700 [20:20<2:31:08,  3.79s/it]
accuracy: 0.4972, accuracy3: 1.0000, loss: 1171894173.8232 ||:  11%|#1        | 310/2700 [20:24<2:28:24,  3.73s/it]
accuracy: 0.4968, accuracy3: 1.0000, loss: 1168126025.3565 ||:  12%|#1        | 311/2700 [20:28<2:28:09,  3.72s/it]
accuracy: 0.4967, accuracy3: 1.0000, loss: 1164382031.6878 ||:  12%|#1        | 312/2700 [20:31<2:27:49,  3.71s/it]
accuracy: 0.4968, accuracy3: 1.0000, loss: 1160661961.3012 ||:  12%|#1        | 313/2700 [20:35<2:26:54,  3.69s/it]
accuracy: 0.4966, accuracy3: 1.0000, loss: 1156965585.6305 ||:  12%|#1        | 314/2700 [20:39<2:27:32,  3.71s/it]
accuracy: 0.4964, accuracy3: 1.0000, loss: 1153292679.0116 ||:  12%|#1        | 315/2700 [20:42<2:25:28,  3.66s/it]
accuracy: 0.4962, accuracy3: 1.0000, loss: 1149643018.6372 ||:  12%|#1        | 316/2700 [20:46<2:27:53,  3.72s/it]
accuracy: 0.4963, accuracy3: 1.0000, loss: 1146016384.5112 ||:  12%|#1        | 317/2700 [20:50<2:26:26,  3.69s/it]
accuracy: 0.4968, accuracy3: 1.0000, loss: 1142412559.4048 ||:  12%|#1        | 318/2700 [20:54<2:30:41,  3.80s/it]
accuracy: 0.4968, accuracy3: 1.0000, loss: 1138831328.8133 ||:  12%|#1        | 319/2700 [20:58<2:33:13,  3.86s/it]
accuracy: 0.4964, accuracy3: 1.0000, loss: 1135272480.9129 ||:  12%|#1        | 320/2700 [21:02<2:32:16,  3.84s/it]
accuracy: 0.4958, accuracy3: 1.0000, loss: 1131735806.5197 ||:  12%|#1        | 321/2700 [21:05<2:30:02,  3.78s/it]
accuracy: 0.4955, accuracy3: 1.0000, loss: 1128221099.0482 ||:  12%|#1        | 322/2700 [21:10<2:40:15,  4.04s/it]
accuracy: 0.4955, accuracy3: 1.0000, loss: 1124728154.4712 ||:  12%|#1        | 323/2700 [21:14<2:36:33,  3.95s/it]
accuracy: 0.4953, accuracy3: 1.0000, loss: 1121256771.2805 ||:  12%|#2        | 324/2700 [21:18<2:36:45,  3.96s/it]
accuracy: 0.4953, accuracy3: 1.0000, loss: 1117806750.4480 ||:  12%|#2        | 325/2700 [21:21<2:31:10,  3.82s/it]
accuracy: 0.4954, accuracy3: 1.0000, loss: 1114377895.3874 ||:  12%|#2        | 326/2700 [21:26<2:38:58,  4.02s/it]
accuracy: 0.4948, accuracy3: 1.0000, loss: 1110970011.9174 ||:  12%|#2        | 327/2700 [21:29<2:36:42,  3.96s/it]
accuracy: 0.4947, accuracy3: 1.0000, loss: 1107582908.2246 ||:  12%|#2        | 328/2700 [21:33<2:34:18,  3.90s/it]
accuracy: 0.4943, accuracy3: 1.0000, loss: 1104216394.8279 ||:  12%|#2        | 329/2700 [21:37<2:33:13,  3.88s/it]
accuracy: 0.4941, accuracy3: 1.0000, loss: 1100870284.5426 ||:  12%|#2        | 330/2700 [21:41<2:34:15,  3.91s/it]
accuracy: 0.4946, accuracy3: 1.0000, loss: 1097544392.4464 ||:  12%|#2        | 331/2700 [21:45<2:37:47,  4.00s/it]
accuracy: 0.4942, accuracy3: 1.0000, loss: 1094238535.8447 ||:  12%|#2        | 332/2700 [21:49<2:41:13,  4.09s/it]
accuracy: 0.4942, accuracy3: 1.0000, loss: 1090952534.2376 ||:  12%|#2        | 333/2700 [21:53<2:37:47,  4.00s/it]
accuracy: 0.4941, accuracy3: 1.0000, loss: 1087686209.2869 ||:  12%|#2        | 334/2700 [21:58<2:41:56,  4.11s/it]
accuracy: 0.4942, accuracy3: 1.0000, loss: 1084439384.7836 ||:  12%|#2        | 335/2700 [22:01<2:32:27,  3.87s/it]
accuracy: 0.4940, accuracy3: 1.0000, loss: 1081211886.6167 ||:  12%|#2        | 336/2700 [22:05<2:32:46,  3.88s/it]
accuracy: 0.4939, accuracy3: 1.0000, loss: 1078003542.7416 ||:  12%|#2        | 337/2700 [22:08<2:27:01,  3.73s/it]
accuracy: 0.4936, accuracy3: 1.0000, loss: 1074814183.1497 ||:  13%|#2        | 338/2700 [22:12<2:24:27,  3.67s/it]
accuracy: 0.4936, accuracy3: 1.0000, loss: 1071643639.8386 ||:  13%|#2        | 339/2700 [22:16<2:28:13,  3.77s/it]
accuracy: 0.4941, accuracy3: 1.0000, loss: 1068491746.7823 ||:  13%|#2        | 340/2700 [22:19<2:28:09,  3.77s/it]
accuracy: 0.4940, accuracy3: 1.0000, loss: 1065358339.9023 ||:  13%|#2        | 341/2700 [22:23<2:29:47,  3.81s/it]
accuracy: 0.4940, accuracy3: 1.0000, loss: 1062243257.0391 ||:  13%|#2        | 342/2700 [22:27<2:25:30,  3.70s/it]
accuracy: 0.4936, accuracy3: 1.0000, loss: 1059146337.9244 ||:  13%|#2        | 343/2700 [22:31<2:26:24,  3.73s/it]
accuracy: 0.4936, accuracy3: 1.0000, loss: 1056067424.1534 ||:  13%|#2        | 344/2700 [22:35<2:28:46,  3.79s/it]
accuracy: 0.4936, accuracy3: 1.0000, loss: 1053006359.1578 ||:  13%|#2        | 345/2700 [22:39<2:34:02,  3.92s/it]
accuracy: 0.4937, accuracy3: 1.0000, loss: 1049962988.1796 ||:  13%|#2        | 346/2700 [22:43<2:37:30,  4.01s/it]
accuracy: 0.4936, accuracy3: 1.0000, loss: 1046937158.2445 ||:  13%|#2        | 347/2700 [22:46<2:31:15,  3.86s/it]
accuracy: 0.4936, accuracy3: 1.0000, loss: 1043928718.1366 ||:  13%|#2        | 348/2700 [22:50<2:24:11,  3.68s/it]
accuracy: 0.4938, accuracy3: 1.0000, loss: 1040937518.3731 ||:  13%|#2        | 349/2700 [22:53<2:23:48,  3.67s/it]
accuracy: 0.4939, accuracy3: 1.0000, loss: 1037963411.1798 ||:  13%|#2        | 350/2700 [22:57<2:25:19,  3.71s/it]
accuracy: 0.4931, accuracy3: 1.0000, loss: 1035006250.4661 ||:  13%|#3        | 351/2700 [23:01<2:23:03,  3.65s/it]
accuracy: 0.4931, accuracy3: 1.0000, loss: 1032065891.8020 ||:  13%|#3        | 352/2700 [23:04<2:19:05,  3.55s/it]
accuracy: 0.4934, accuracy3: 1.0000, loss: 1029142192.3938 ||:  13%|#3        | 353/2700 [23:07<2:17:06,  3.51s/it]
accuracy: 0.4936, accuracy3: 1.0000, loss: 1026235011.0613 ||:  13%|#3        | 354/2700 [23:11<2:21:21,  3.62s/it]
accuracy: 0.4935, accuracy3: 1.0000, loss: 1023344208.2152 ||:  13%|#3        | 355/2700 [23:15<2:23:25,  3.67s/it]
accuracy: 0.4934, accuracy3: 1.0000, loss: 1020469645.8345 ||:  13%|#3        | 356/2700 [23:19<2:22:04,  3.64s/it]
accuracy: 0.4938, accuracy3: 1.0000, loss: 1017611187.4447 ||:  13%|#3        | 357/2700 [23:23<2:24:40,  3.70s/it]
accuracy: 0.4937, accuracy3: 1.0000, loss: 1014768698.0963 ||:  13%|#3        | 358/2700 [23:27<2:31:36,  3.88s/it]
accuracy: 0.4936, accuracy3: 1.0000, loss: 1011942044.3431 ||:  13%|#3        | 359/2700 [23:30<2:25:34,  3.73s/it]
accuracy: 0.4931, accuracy3: 1.0000, loss: 1009131094.2218 ||:  13%|#3        | 360/2700 [23:34<2:23:13,  3.67s/it]
accuracy: 0.4931, accuracy3: 1.0000, loss: 1006335717.2314 ||:  13%|#3        | 361/2700 [23:37<2:22:51,  3.66s/it]
accuracy: 0.4932, accuracy3: 1.0000, loss: 1003555784.3128 ||:  13%|#3        | 362/2700 [23:41<2:21:20,  3.63s/it]
accuracy: 0.4935, accuracy3: 1.0000, loss: 1000791167.8290 ||:  13%|#3        | 363/2700 [23:44<2:19:38,  3.58s/it]
accuracy: 0.4938, accuracy3: 1.0000, loss: 998041741.5457 ||:  13%|#3        | 364/2700 [23:48<2:18:09,  3.55s/it] 
accuracy: 0.4937, accuracy3: 1.0000, loss: 995307380.6118 ||:  14%|#3        | 365/2700 [23:52<2:24:13,  3.71s/it]
accuracy: 0.4941, accuracy3: 1.0000, loss: 992587961.5410 ||:  14%|#3        | 366/2700 [23:55<2:21:06,  3.63s/it]
accuracy: 0.4940, accuracy3: 1.0000, loss: 989883362.1926 ||:  14%|#3        | 367/2700 [23:59<2:25:17,  3.74s/it]
accuracy: 0.4944, accuracy3: 1.0000, loss: 987193461.7538 ||:  14%|#3        | 368/2700 [24:03<2:21:10,  3.63s/it]
accuracy: 0.4944, accuracy3: 1.0000, loss: 984518140.7211 ||:  14%|#3        | 369/2700 [24:06<2:19:58,  3.60s/it]
accuracy: 0.4942, accuracy3: 1.0000, loss: 981857280.8832 ||:  14%|#3        | 370/2700 [24:10<2:17:45,  3.55s/it]
accuracy: 0.4944, accuracy3: 1.0000, loss: 979210765.3032 ||:  14%|#3        | 371/2700 [24:14<2:20:27,  3.62s/it]
accuracy: 0.4942, accuracy3: 1.0000, loss: 976578478.3015 ||:  14%|#3        | 372/2700 [24:17<2:24:05,  3.71s/it]
accuracy: 0.4946, accuracy3: 1.0000, loss: 973960305.4393 ||:  14%|#3        | 373/2700 [24:21<2:26:54,  3.79s/it]
accuracy: 0.4947, accuracy3: 1.0000, loss: 971356133.5015 ||:  14%|#3        | 374/2700 [24:25<2:23:31,  3.70s/it]
accuracy: 0.4944, accuracy3: 1.0000, loss: 968765850.4807 ||:  14%|#3        | 375/2700 [24:29<2:27:28,  3.81s/it]
accuracy: 0.4945, accuracy3: 1.0000, loss: 966189345.5610 ||:  14%|#3        | 376/2700 [24:33<2:34:04,  3.98s/it]
accuracy: 0.4946, accuracy3: 1.0000, loss: 963626509.1025 ||:  14%|#3        | 377/2700 [24:37<2:34:25,  3.99s/it]
accuracy: 0.4945, accuracy3: 1.0000, loss: 961077232.6252 ||:  14%|#4        | 378/2700 [24:41<2:33:38,  3.97s/it]
accuracy: 0.4944, accuracy3: 1.0000, loss: 958541408.7942 ||:  14%|#4        | 379/2700 [24:45<2:26:26,  3.79s/it]
accuracy: 0.4945, accuracy3: 1.0000, loss: 956018931.4045 ||:  14%|#4        | 380/2700 [24:48<2:25:41,  3.77s/it]
accuracy: 0.4948, accuracy3: 1.0000, loss: 953509695.3659 ||:  14%|#4        | 381/2700 [24:52<2:26:53,  3.80s/it]
accuracy: 0.4950, accuracy3: 1.0000, loss: 951013596.6887 ||:  14%|#4        | 382/2700 [24:55<2:20:18,  3.63s/it]
accuracy: 0.4950, accuracy3: 1.0000, loss: 948530532.4694 ||:  14%|#4        | 383/2700 [24:59<2:18:15,  3.58s/it]
accuracy: 0.4954, accuracy3: 1.0000, loss: 946060400.8763 ||:  14%|#4        | 384/2700 [25:02<2:14:14,  3.48s/it]
accuracy: 0.4956, accuracy3: 1.0000, loss: 943603101.1355 ||:  14%|#4        | 385/2700 [25:06<2:14:40,  3.49s/it]
accuracy: 0.4955, accuracy3: 1.0000, loss: 941158533.5178 ||:  14%|#4        | 386/2700 [25:09<2:17:38,  3.57s/it]
accuracy: 0.4956, accuracy3: 1.0000, loss: 938726599.3245 ||:  14%|#4        | 387/2700 [25:13<2:15:53,  3.53s/it]
accuracy: 0.4957, accuracy3: 1.0000, loss: 936307200.8744 ||:  14%|#4        | 388/2700 [25:16<2:14:33,  3.49s/it]
accuracy: 0.4955, accuracy3: 1.0000, loss: 933900241.4909 ||:  14%|#4        | 389/2700 [25:20<2:15:48,  3.53s/it]
accuracy: 0.4952, accuracy3: 1.0000, loss: 931505625.4888 ||:  14%|#4        | 390/2700 [25:24<2:20:10,  3.64s/it]
accuracy: 0.4951, accuracy3: 1.0000, loss: 929123258.1620 ||:  14%|#4        | 391/2700 [25:27<2:19:52,  3.63s/it]
accuracy: 0.4952, accuracy3: 1.0000, loss: 926753045.7705 ||:  15%|#4        | 392/2700 [25:32<2:27:00,  3.82s/it]
accuracy: 0.4954, accuracy3: 1.0000, loss: 924394895.5286 ||:  15%|#4        | 393/2700 [25:36<2:31:34,  3.94s/it]
accuracy: 0.4958, accuracy3: 1.0000, loss: 922048715.5924 ||:  15%|#4        | 394/2700 [25:40<2:32:01,  3.96s/it]
accuracy: 0.4955, accuracy3: 1.0000, loss: 919714415.0484 ||:  15%|#4        | 395/2700 [25:44<2:30:52,  3.93s/it]
accuracy: 0.4957, accuracy3: 1.0000, loss: 917391903.9010 ||:  15%|#4        | 396/2700 [25:48<2:29:43,  3.90s/it]
accuracy: 0.4959, accuracy3: 1.0000, loss: 915081093.0617 ||:  15%|#4        | 397/2700 [25:51<2:27:52,  3.85s/it]
accuracy: 0.4957, accuracy3: 1.0000, loss: 912781894.3372 ||:  15%|#4        | 398/2700 [25:55<2:24:14,  3.76s/it]
accuracy: 0.4954, accuracy3: 1.0000, loss: 910494220.4183 ||:  15%|#4        | 399/2700 [25:59<2:22:51,  3.73s/it]
accuracy: 0.4956, accuracy3: 1.0000, loss: 908217984.8689 ||:  15%|#4        | 400/2700 [26:03<2:27:15,  3.84s/it]
accuracy: 0.4956, accuracy3: 1.0000, loss: 905953102.1154 ||:  15%|#4        | 401/2700 [26:06<2:24:31,  3.77s/it]
accuracy: 0.4957, accuracy3: 1.0000, loss: 903699487.4352 ||:  15%|#4        | 402/2700 [26:10<2:21:08,  3.69s/it]
accuracy: 0.4959, accuracy3: 1.0000, loss: 901457056.9470 ||:  15%|#4        | 403/2700 [26:13<2:19:54,  3.65s/it]
accuracy: 0.4961, accuracy3: 1.0000, loss: 899225727.5999 ||:  15%|#4        | 404/2700 [26:17<2:24:51,  3.79s/it]
accuracy: 0.4959, accuracy3: 1.0000, loss: 897005417.1631 ||:  15%|#5        | 405/2700 [26:21<2:22:51,  3.74s/it]
accuracy: 0.4963, accuracy3: 1.0000, loss: 894796044.2161 ||:  15%|#5        | 406/2700 [26:25<2:22:33,  3.73s/it]
accuracy: 0.4965, accuracy3: 1.0000, loss: 892597528.1386 ||:  15%|#5        | 407/2700 [26:28<2:16:11,  3.56s/it]
accuracy: 0.4965, accuracy3: 1.0000, loss: 890409789.1008 ||:  15%|#5        | 408/2700 [26:32<2:17:09,  3.59s/it]
accuracy: 0.4963, accuracy3: 1.0000, loss: 888232748.0533 ||:  15%|#5        | 409/2700 [26:36<2:27:13,  3.86s/it]
accuracy: 0.4962, accuracy3: 1.0000, loss: 886066326.7183 ||:  15%|#5        | 410/2700 [26:40<2:27:36,  3.87s/it]
accuracy: 0.4960, accuracy3: 1.0000, loss: 883910447.5796 ||:  15%|#5        | 411/2700 [26:44<2:25:48,  3.82s/it]
accuracy: 0.4964, accuracy3: 1.0000, loss: 881765033.8735 ||:  15%|#5        | 412/2700 [26:47<2:22:22,  3.73s/it]
accuracy: 0.4964, accuracy3: 1.0000, loss: 879630009.5801 ||:  15%|#5        | 413/2700 [26:51<2:22:20,  3.73s/it]
accuracy: 0.4966, accuracy3: 1.0000, loss: 877505299.4137 ||:  15%|#5        | 414/2700 [26:55<2:26:34,  3.85s/it]
accuracy: 0.4966, accuracy3: 1.0000, loss: 875390828.8144 ||:  15%|#5        | 415/2700 [26:58<2:21:41,  3.72s/it]
accuracy: 0.4969, accuracy3: 1.0000, loss: 873286523.9391 ||:  15%|#5        | 416/2700 [27:02<2:24:59,  3.81s/it]
accuracy: 0.4969, accuracy3: 1.0000, loss: 871192311.6531 ||:  15%|#5        | 417/2700 [27:07<2:32:04,  4.00s/it]
accuracy: 0.4972, accuracy3: 1.0000, loss: 869108119.5217 ||:  15%|#5        | 418/2700 [27:11<2:33:01,  4.02s/it]
accuracy: 0.4971, accuracy3: 1.0000, loss: 867033875.8013 ||:  16%|#5        | 419/2700 [27:15<2:29:00,  3.92s/it]
accuracy: 0.4971, accuracy3: 1.0000, loss: 864969509.4320 ||:  16%|#5        | 420/2700 [27:18<2:25:12,  3.82s/it]
accuracy: 0.4970, accuracy3: 1.0000, loss: 862914950.0288 ||:  16%|#5        | 421/2700 [27:22<2:19:26,  3.67s/it]
accuracy: 0.4970, accuracy3: 1.0000, loss: 860870127.8740 ||:  16%|#5        | 422/2700 [27:26<2:23:25,  3.78s/it]
accuracy: 0.4972, accuracy3: 1.0000, loss: 858834973.9090 ||:  16%|#5        | 423/2700 [27:29<2:15:37,  3.57s/it]
accuracy: 0.4971, accuracy3: 1.0000, loss: 856809419.7269 ||:  16%|#5        | 424/2700 [27:32<2:17:33,  3.63s/it]
accuracy: 0.4971, accuracy3: 1.0000, loss: 854793397.5645 ||:  16%|#5        | 425/2700 [27:36<2:13:42,  3.53s/it]
accuracy: 0.4969, accuracy3: 1.0000, loss: 852786840.2948 ||:  16%|#5        | 426/2700 [27:40<2:17:56,  3.64s/it]
accuracy: 0.4970, accuracy3: 1.0000, loss: 850789681.4199 ||:  16%|#5        | 427/2700 [27:43<2:14:08,  3.54s/it]
accuracy: 0.4972, accuracy3: 1.0000, loss: 848801855.0630 ||:  16%|#5        | 428/2700 [27:46<2:12:33,  3.50s/it]
accuracy: 0.4972, accuracy3: 1.0000, loss: 846823295.9619 ||:  16%|#5        | 429/2700 [27:50<2:11:26,  3.47s/it]
accuracy: 0.4973, accuracy3: 1.0000, loss: 844853939.4613 ||:  16%|#5        | 430/2700 [27:54<2:25:35,  3.85s/it]
accuracy: 0.4972, accuracy3: 1.0000, loss: 842893721.5059 ||:  16%|#5        | 431/2700 [27:59<2:32:47,  4.04s/it]
accuracy: 0.4973, accuracy3: 1.0000, loss: 840942578.6337 ||:  16%|#6        | 432/2700 [28:04<2:41:32,  4.27s/it]
accuracy: 0.4970, accuracy3: 1.0000, loss: 839000447.9687 ||:  16%|#6        | 433/2700 [28:08<2:46:10,  4.40s/it]
accuracy: 0.4973, accuracy3: 1.0000, loss: 837067267.2146 ||:  16%|#6        | 434/2700 [28:13<2:47:10,  4.43s/it]
accuracy: 0.4975, accuracy3: 1.0000, loss: 835142974.6479 ||:  16%|#6        | 435/2700 [28:17<2:40:56,  4.26s/it]
accuracy: 0.4976, accuracy3: 1.0000, loss: 833227509.1113 ||:  16%|#6        | 436/2700 [28:20<2:31:37,  4.02s/it]
accuracy: 0.4976, accuracy3: 1.0000, loss: 831320810.0074 ||:  16%|#6        | 437/2700 [28:24<2:25:42,  3.86s/it]
accuracy: 0.4980, accuracy3: 1.0000, loss: 829422817.2920 ||:  16%|#6        | 438/2700 [28:28<2:28:22,  3.94s/it]
accuracy: 0.4979, accuracy3: 1.0000, loss: 827533471.4683 ||:  16%|#6        | 439/2700 [28:32<2:28:28,  3.94s/it]
accuracy: 0.4978, accuracy3: 1.0000, loss: 825652713.5802 ||:  16%|#6        | 440/2700 [28:36<2:32:07,  4.04s/it]
accuracy: 0.4977, accuracy3: 1.0000, loss: 823780485.2063 ||:  16%|#6        | 441/2700 [28:40<2:27:41,  3.92s/it]
accuracy: 0.4978, accuracy3: 1.0000, loss: 821916728.4540 ||:  16%|#6        | 442/2700 [28:43<2:21:32,  3.76s/it]
accuracy: 0.4977, accuracy3: 1.0000, loss: 820061385.9534 ||:  16%|#6        | 443/2700 [28:47<2:24:14,  3.83s/it]
accuracy: 0.4979, accuracy3: 1.0000, loss: 818214400.8515 ||:  16%|#6        | 444/2700 [28:51<2:22:20,  3.79s/it]
accuracy: 0.4980, accuracy3: 1.0000, loss: 816375716.8062 ||:  16%|#6        | 445/2700 [28:54<2:16:46,  3.64s/it]
accuracy: 0.4980, accuracy3: 1.0000, loss: 814545277.9808 ||:  17%|#6        | 446/2700 [28:58<2:16:39,  3.64s/it]
accuracy: 0.4979, accuracy3: 1.0000, loss: 812723029.0384 ||:  17%|#6        | 447/2700 [29:02<2:18:02,  3.68s/it]
accuracy: 0.4982, accuracy3: 1.0000, loss: 810908915.1358 ||:  17%|#6        | 448/2700 [29:06<2:22:37,  3.80s/it]
accuracy: 0.4983, accuracy3: 1.0000, loss: 809102881.9188 ||:  17%|#6        | 449/2700 [29:09<2:20:38,  3.75s/it]
accuracy: 0.4980, accuracy3: 1.0000, loss: 807304875.5161 ||:  17%|#6        | 450/2700 [29:13<2:20:22,  3.74s/it]
accuracy: 0.4983, accuracy3: 1.0000, loss: 805514842.5342 ||:  17%|#6        | 451/2700 [29:17<2:20:56,  3.76s/it]
accuracy: 0.4980, accuracy3: 1.0000, loss: 803732730.0522 ||:  17%|#6        | 452/2700 [29:21<2:21:40,  3.78s/it]
accuracy: 0.4982, accuracy3: 1.0000, loss: 801958485.6166 ||:  17%|#6        | 453/2700 [29:24<2:20:05,  3.74s/it]
accuracy: 0.4983, accuracy3: 1.0000, loss: 800192057.2357 ||:  17%|#6        | 454/2700 [29:28<2:19:05,  3.72s/it]
accuracy: 0.4984, accuracy3: 1.0000, loss: 798433393.3752 ||:  17%|#6        | 455/2700 [29:32<2:23:49,  3.84s/it]
accuracy: 0.4982, accuracy3: 1.0000, loss: 796682442.9526 ||:  17%|#6        | 456/2700 [29:37<2:32:36,  4.08s/it]
accuracy: 0.4984, accuracy3: 1.0000, loss: 794939155.3328 ||:  17%|#6        | 457/2700 [29:41<2:32:48,  4.09s/it]
accuracy: 0.4986, accuracy3: 1.0000, loss: 793203480.3226 ||:  17%|#6        | 458/2700 [29:45<2:32:05,  4.07s/it]
accuracy: 0.4982, accuracy3: 1.0000, loss: 791475368.1666 ||:  17%|#7        | 459/2700 [29:50<2:43:01,  4.36s/it]
accuracy: 0.4984, accuracy3: 1.0000, loss: 789754769.5417 ||:  17%|#7        | 460/2700 [29:54<2:40:41,  4.30s/it]
accuracy: 0.4981, accuracy3: 1.0000, loss: 788041635.5528 ||:  17%|#7        | 461/2700 [29:59<2:43:08,  4.37s/it]
accuracy: 0.4983, accuracy3: 1.0000, loss: 786335917.7285 ||:  17%|#7        | 462/2700 [30:03<2:38:20,  4.25s/it]
accuracy: 0.4983, accuracy3: 1.0000, loss: 784637568.0156 ||:  17%|#7        | 463/2700 [30:06<2:29:08,  4.00s/it]
accuracy: 0.4985, accuracy3: 1.0000, loss: 782946538.7757 ||:  17%|#7        | 464/2700 [30:10<2:29:43,  4.02s/it]
accuracy: 0.4986, accuracy3: 1.0000, loss: 781262782.7798 ||:  17%|#7        | 465/2700 [30:14<2:30:39,  4.04s/it]
accuracy: 0.4986, accuracy3: 1.0000, loss: 779586253.2045 ||:  17%|#7        | 466/2700 [30:18<2:23:32,  3.86s/it]
accuracy: 0.4983, accuracy3: 1.0000, loss: 777916903.6274 ||:  17%|#7        | 467/2700 [30:22<2:27:14,  3.96s/it]
accuracy: 0.4983, accuracy3: 1.0000, loss: 776254688.0229 ||:  17%|#7        | 468/2700 [30:26<2:27:21,  3.96s/it]
accuracy: 0.4983, accuracy3: 1.0000, loss: 774599560.7578 ||:  17%|#7        | 469/2700 [30:30<2:28:27,  3.99s/it]
accuracy: 0.4985, accuracy3: 1.0000, loss: 772951476.5874 ||:  17%|#7        | 470/2700 [30:34<2:26:57,  3.95s/it]
accuracy: 0.4985, accuracy3: 1.0000, loss: 771310390.6514 ||:  17%|#7        | 471/2700 [30:37<2:24:52,  3.90s/it]
accuracy: 0.4987, accuracy3: 1.0000, loss: 769676258.4692 ||:  17%|#7        | 472/2700 [30:41<2:20:42,  3.79s/it]
accuracy: 0.4985, accuracy3: 1.0000, loss: 768049035.9369 ||:  18%|#7        | 473/2700 [30:45<2:19:35,  3.76s/it]
accuracy: 0.4984, accuracy3: 1.0000, loss: 766428679.3225 ||:  18%|#7        | 474/2700 [30:48<2:17:38,  3.71s/it]
accuracy: 0.4985, accuracy3: 1.0000, loss: 764815145.2622 ||:  18%|#7        | 475/2700 [30:52<2:17:41,  3.71s/it]
accuracy: 0.4988, accuracy3: 1.0000, loss: 763208390.7568 ||:  18%|#7        | 476/2700 [30:56<2:25:08,  3.92s/it]
accuracy: 0.4988, accuracy3: 1.0000, loss: 761608373.1676 ||:  18%|#7        | 477/2700 [31:00<2:22:26,  3.84s/it]
accuracy: 0.4990, accuracy3: 1.0000, loss: 760015050.2126 ||:  18%|#7        | 478/2700 [31:04<2:19:13,  3.76s/it]
accuracy: 0.4988, accuracy3: 1.0000, loss: 758428379.9631 ||:  18%|#7        | 479/2700 [31:08<2:22:25,  3.85s/it]
accuracy: 0.4989, accuracy3: 1.0000, loss: 756848320.8396 ||:  18%|#7        | 480/2700 [31:12<2:28:09,  4.00s/it]
accuracy: 0.4993, accuracy3: 1.0000, loss: 755274831.6086 ||:  18%|#7        | 481/2700 [31:17<2:36:23,  4.23s/it]
accuracy: 0.4994, accuracy3: 1.0000, loss: 753707871.3784 ||:  18%|#7        | 482/2700 [31:22<2:42:56,  4.41s/it]
accuracy: 0.4995, accuracy3: 1.0000, loss: 752147399.5965 ||:  18%|#7        | 483/2700 [31:25<2:35:05,  4.20s/it]
accuracy: 0.4994, accuracy3: 1.0000, loss: 750593376.0450 ||:  18%|#7        | 484/2700 [31:29<2:26:26,  3.96s/it]
accuracy: 0.4993, accuracy3: 1.0000, loss: 749045760.8381 ||:  18%|#7        | 485/2700 [31:32<2:22:31,  3.86s/it]
accuracy: 0.4992, accuracy3: 1.0000, loss: 747504514.4181 ||:  18%|#8        | 486/2700 [31:36<2:24:02,  3.90s/it]
accuracy: 0.4994, accuracy3: 1.0000, loss: 745969597.5521 ||:  18%|#8        | 487/2700 [31:41<2:28:16,  4.02s/it]
accuracy: 0.4992, accuracy3: 1.0000, loss: 744440971.3290 ||:  18%|#8        | 488/2700 [31:44<2:24:21,  3.92s/it]
accuracy: 0.4992, accuracy3: 1.0000, loss: 742918597.1560 ||:  18%|#8        | 489/2700 [31:48<2:20:11,  3.80s/it]
accuracy: 0.4990, accuracy3: 1.0000, loss: 741402436.7550 ||:  18%|#8        | 490/2700 [31:51<2:18:18,  3.76s/it]
accuracy: 0.4991, accuracy3: 1.0000, loss: 739892452.1602 ||:  18%|#8        | 491/2700 [31:56<2:24:30,  3.93s/it]
accuracy: 0.4992, accuracy3: 1.0000, loss: 738388605.7141 ||:  18%|#8        | 492/2700 [31:59<2:19:44,  3.80s/it]
accuracy: 0.4990, accuracy3: 1.0000, loss: 736890860.0650 ||:  18%|#8        | 493/2700 [32:03<2:15:25,  3.68s/it]
accuracy: 0.4990, accuracy3: 1.0000, loss: 735399178.1634 ||:  18%|#8        | 494/2700 [32:07<2:19:04,  3.78s/it]
accuracy: 0.4988, accuracy3: 1.0000, loss: 733913523.2594 ||:  18%|#8        | 495/2700 [32:11<2:23:37,  3.91s/it]
accuracy: 0.4986, accuracy3: 1.0000, loss: 732433858.8994 ||:  18%|#8        | 496/2700 [32:15<2:27:43,  4.02s/it]
accuracy: 0.4984, accuracy3: 1.0000, loss: 730960148.9232 ||:  18%|#8        | 497/2700 [32:19<2:26:57,  4.00s/it]
accuracy: 0.4983, accuracy3: 1.0000, loss: 729492357.4608 ||:  18%|#8        | 498/2700 [32:23<2:25:10,  3.96s/it]
accuracy: 0.4981, accuracy3: 1.0000, loss: 728030448.9303 ||:  18%|#8        | 499/2700 [32:27<2:21:41,  3.86s/it]
accuracy: 0.4979, accuracy3: 1.0000, loss: 726574388.0338 ||:  19%|#8        | 500/2700 [32:30<2:20:53,  3.84s/it]
accuracy: 0.4977, accuracy3: 1.0000, loss: 725124139.7557 ||:  19%|#8        | 501/2700 [32:34<2:22:39,  3.89s/it]
accuracy: 0.4980, accuracy3: 1.0000, loss: 723679669.3591 ||:  19%|#8        | 502/2700 [32:38<2:21:29,  3.86s/it]
accuracy: 0.4980, accuracy3: 1.0000, loss: 722240942.3836 ||:  19%|#8        | 503/2700 [32:42<2:20:30,  3.84s/it]
accuracy: 0.4981, accuracy3: 1.0000, loss: 720807924.6422 ||:  19%|#8        | 504/2700 [32:45<2:16:08,  3.72s/it]
accuracy: 0.4982, accuracy3: 1.0000, loss: 719380582.2185 ||:  19%|#8        | 505/2700 [32:50<2:25:53,  3.99s/it]
accuracy: 0.4984, accuracy3: 1.0000, loss: 717958881.4645 ||:  19%|#8        | 506/2700 [32:54<2:27:55,  4.05s/it]
accuracy: 0.4986, accuracy3: 1.0000, loss: 716542788.9975 ||:  19%|#8        | 507/2700 [32:58<2:26:38,  4.01s/it]
accuracy: 0.4988, accuracy3: 1.0000, loss: 715132271.6977 ||:  19%|#8        | 508/2700 [33:02<2:26:02,  4.00s/it]
accuracy: 0.4986, accuracy3: 1.0000, loss: 713727296.7056 ||:  19%|#8        | 509/2700 [33:06<2:26:04,  4.00s/it]
accuracy: 0.4986, accuracy3: 1.0000, loss: 712327831.4193 ||:  19%|#8        | 510/2700 [33:10<2:25:43,  3.99s/it]
accuracy: 0.4984, accuracy3: 1.0000, loss: 710933843.4922 ||:  19%|#8        | 511/2700 [33:14<2:24:57,  3.97s/it]
accuracy: 0.4984, accuracy3: 1.0000, loss: 709545300.8305 ||:  19%|#8        | 512/2700 [33:18<2:27:10,  4.04s/it]
accuracy: 0.4981, accuracy3: 1.0000, loss: 708162171.5905 ||:  19%|#9        | 513/2700 [33:22<2:26:37,  4.02s/it]
accuracy: 0.4982, accuracy3: 1.0000, loss: 706784424.1763 ||:  19%|#9        | 514/2700 [33:27<2:31:28,  4.16s/it]
accuracy: 0.4984, accuracy3: 1.0000, loss: 705412027.2375 ||:  19%|#9        | 515/2700 [33:31<2:38:11,  4.34s/it]
accuracy: 0.4985, accuracy3: 1.0000, loss: 704044949.6666 ||:  19%|#9        | 516/2700 [33:35<2:30:45,  4.14s/it]
accuracy: 0.4985, accuracy3: 1.0000, loss: 702683160.5971 ||:  19%|#9        | 517/2700 [33:40<2:38:38,  4.36s/it]
accuracy: 0.4989, accuracy3: 1.0000, loss: 701326629.4003 ||:  19%|#9        | 518/2700 [33:44<2:30:27,  4.14s/it]
accuracy: 0.4989, accuracy3: 1.0000, loss: 699975325.6841 ||:  19%|#9        | 519/2700 [33:48<2:31:48,  4.18s/it]
accuracy: 0.4988, accuracy3: 1.0000, loss: 698629219.2899 ||:  19%|#9        | 520/2700 [33:52<2:33:50,  4.23s/it]
accuracy: 0.4990, accuracy3: 1.0000, loss: 697288280.2907 ||:  19%|#9        | 521/2700 [33:56<2:32:35,  4.20s/it]
accuracy: 0.4987, accuracy3: 1.0000, loss: 695952478.9888 ||:  19%|#9        | 522/2700 [34:01<2:39:50,  4.40s/it]
accuracy: 0.4987, accuracy3: 1.0000, loss: 694621785.9136 ||:  19%|#9        | 523/2700 [34:05<2:33:45,  4.24s/it]
accuracy: 0.4987, accuracy3: 1.0000, loss: 693296171.8197 ||:  19%|#9        | 524/2700 [34:08<2:24:03,  3.97s/it]
accuracy: 0.4989, accuracy3: 1.0000, loss: 691975607.6842 ||:  19%|#9        | 525/2700 [34:12<2:23:44,  3.97s/it]
accuracy: 0.4988, accuracy3: 1.0000, loss: 690660064.7052 ||:  19%|#9        | 526/2700 [34:16<2:24:11,  3.98s/it]
accuracy: 0.4989, accuracy3: 1.0000, loss: 689349514.2991 ||:  20%|#9        | 527/2700 [34:20<2:16:45,  3.78s/it]
accuracy: 0.4991, accuracy3: 1.0000, loss: 688043928.0990 ||:  20%|#9        | 528/2700 [34:24<2:17:39,  3.80s/it]
accuracy: 0.4989, accuracy3: 1.0000, loss: 686743277.9527 ||:  20%|#9        | 529/2700 [34:28<2:19:09,  3.85s/it]
accuracy: 0.4988, accuracy3: 1.0000, loss: 685447535.9202 ||:  20%|#9        | 530/2700 [34:32<2:22:53,  3.95s/it]
accuracy: 0.4989, accuracy3: 1.0000, loss: 684156674.2719 ||:  20%|#9        | 531/2700 [34:36<2:27:28,  4.08s/it]
accuracy: 0.4988, accuracy3: 1.0000, loss: 682870665.4870 ||:  20%|#9        | 532/2700 [34:40<2:25:14,  4.02s/it]
accuracy: 0.4987, accuracy3: 1.0000, loss: 681589482.2510 ||:  20%|#9        | 533/2700 [34:44<2:22:33,  3.95s/it]
accuracy: 0.4987, accuracy3: 1.0000, loss: 680313097.4540 ||:  20%|#9        | 534/2700 [34:48<2:21:02,  3.91s/it]
accuracy: 0.4987, accuracy3: 1.0000, loss: 679041484.1891 ||:  20%|#9        | 535/2700 [34:52<2:24:05,  3.99s/it]
accuracy: 0.4986, accuracy3: 1.0000, loss: 677774615.7497 ||:  20%|#9        | 536/2700 [34:56<2:26:45,  4.07s/it]
accuracy: 0.4984, accuracy3: 1.0000, loss: 676512465.6286 ||:  20%|#9        | 537/2700 [35:00<2:27:38,  4.10s/it]
accuracy: 0.4984, accuracy3: 1.0000, loss: 675255007.5153 ||:  20%|#9        | 538/2700 [35:04<2:26:35,  4.07s/it]
accuracy: 0.4986, accuracy3: 1.0000, loss: 674002215.2949 ||:  20%|#9        | 539/2700 [35:08<2:26:07,  4.06s/it]
accuracy: 0.4986, accuracy3: 1.0000, loss: 672754063.0456 ||:  20%|##        | 540/2700 [35:11<2:16:43,  3.80s/it]
accuracy: 0.4984, accuracy3: 1.0000, loss: 671510525.0375 ||:  20%|##        | 541/2700 [35:16<2:20:24,  3.90s/it]
accuracy: 0.4983, accuracy3: 1.0000, loss: 670271575.7306 ||:  20%|##        | 542/2700 [35:19<2:19:45,  3.89s/it]
accuracy: 0.4983, accuracy3: 1.0000, loss: 669037189.7729 ||:  20%|##        | 543/2700 [35:24<2:32:17,  4.24s/it]
accuracy: 0.4983, accuracy3: 1.0000, loss: 667807341.9989 ||:  20%|##        | 544/2700 [35:29<2:33:47,  4.28s/it]
accuracy: 0.4981, accuracy3: 1.0000, loss: 666582007.4277 ||:  20%|##        | 545/2700 [35:33<2:27:39,  4.11s/it]
accuracy: 0.4979, accuracy3: 1.0000, loss: 665361161.2615 ||:  20%|##        | 546/2700 [35:37<2:26:59,  4.09s/it]
accuracy: 0.4980, accuracy3: 1.0000, loss: 664144778.8839 ||:  20%|##        | 547/2700 [35:41<2:29:02,  4.15s/it]
accuracy: 0.4979, accuracy3: 1.0000, loss: 662932835.8580 ||:  20%|##        | 548/2700 [35:45<2:24:02,  4.02s/it]
accuracy: 0.4978, accuracy3: 1.0000, loss: 661725307.9251 ||:  20%|##        | 549/2700 [35:48<2:21:44,  3.95s/it]
accuracy: 0.4977, accuracy3: 1.0000, loss: 660522171.0028 ||:  20%|##        | 550/2700 [35:53<2:25:05,  4.05s/it]
accuracy: 0.4977, accuracy3: 1.0000, loss: 659323401.1838 ||:  20%|##        | 551/2700 [35:56<2:21:53,  3.96s/it]
accuracy: 0.4976, accuracy3: 1.0000, loss: 658128974.7336 ||:  20%|##        | 552/2700 [36:00<2:20:04,  3.91s/it]
accuracy: 0.4979, accuracy3: 1.0000, loss: 656938868.0898 ||:  20%|##        | 553/2700 [36:04<2:18:56,  3.88s/it]
accuracy: 0.4979, accuracy3: 1.0000, loss: 655753057.8598 ||:  21%|##        | 554/2700 [36:09<2:26:52,  4.11s/it]
accuracy: 0.4977, accuracy3: 1.0000, loss: 654571520.8199 ||:  21%|##        | 555/2700 [36:13<2:28:38,  4.16s/it]
accuracy: 0.4976, accuracy3: 1.0000, loss: 653394233.9132 ||:  21%|##        | 556/2700 [36:17<2:26:30,  4.10s/it]
accuracy: 0.4975, accuracy3: 1.0000, loss: 652221174.2485 ||:  21%|##        | 557/2700 [36:21<2:25:38,  4.08s/it]
accuracy: 0.4979, accuracy3: 1.0000, loss: 651052319.0987 ||:  21%|##        | 558/2700 [36:25<2:23:47,  4.03s/it]
accuracy: 0.4980, accuracy3: 1.0000, loss: 649887645.8994 ||:  21%|##        | 559/2700 [36:28<2:18:14,  3.87s/it]
accuracy: 0.4978, accuracy3: 1.0000, loss: 648727132.2473 ||:  21%|##        | 560/2700 [36:33<2:22:54,  4.01s/it]
accuracy: 0.4978, accuracy3: 1.0000, loss: 647570755.8987 ||:  21%|##        | 561/2700 [36:37<2:26:10,  4.10s/it]
accuracy: 0.4976, accuracy3: 1.0000, loss: 646418494.7685 ||:  21%|##        | 562/2700 [36:41<2:20:01,  3.93s/it]
accuracy: 0.4977, accuracy3: 1.0000, loss: 645270326.9282 ||:  21%|##        | 563/2700 [36:44<2:18:16,  3.88s/it]
accuracy: 0.4978, accuracy3: 1.0000, loss: 644126230.6051 ||:  21%|##        | 564/2700 [36:48<2:15:00,  3.79s/it]
accuracy: 0.4982, accuracy3: 1.0000, loss: 642986184.1804 ||:  21%|##        | 565/2700 [36:52<2:22:30,  4.00s/it]
accuracy: 0.4985, accuracy3: 1.0000, loss: 641850166.1884 ||:  21%|##        | 566/2700 [36:56<2:21:04,  3.97s/it]
accuracy: 0.4986, accuracy3: 1.0000, loss: 640718155.3145 ||:  21%|##1       | 567/2700 [37:02<2:43:28,  4.60s/it]
accuracy: 0.4985, accuracy3: 1.0000, loss: 639590130.3944 ||:  21%|##1       | 568/2700 [37:06<2:37:11,  4.42s/it]
accuracy: 0.4987, accuracy3: 1.0000, loss: 638466070.4125 ||:  21%|##1       | 569/2700 [37:11<2:33:50,  4.33s/it]
accuracy: 0.4989, accuracy3: 1.0000, loss: 637345954.5006 ||:  21%|##1       | 570/2700 [37:14<2:28:06,  4.17s/it]
accuracy: 0.4989, accuracy3: 1.0000, loss: 636229761.9371 ||:  21%|##1       | 571/2700 [37:19<2:28:55,  4.20s/it]
accuracy: 0.4986, accuracy3: 1.0000, loss: 635117472.1447 ||:  21%|##1       | 572/2700 [37:23<2:27:21,  4.15s/it]
accuracy: 0.4986, accuracy3: 1.0000, loss: 634009064.6902 ||:  21%|##1       | 573/2700 [37:27<2:25:30,  4.10s/it]
accuracy: 0.4984, accuracy3: 1.0000, loss: 632904519.2826 ||:  21%|##1       | 574/2700 [37:31<2:23:18,  4.04s/it]
accuracy: 0.4985, accuracy3: 1.0000, loss: 631803815.7720 ||:  21%|##1       | 575/2700 [37:34<2:21:20,  3.99s/it]
accuracy: 0.4986, accuracy3: 1.0000, loss: 630706934.1486 ||:  21%|##1       | 576/2700 [37:38<2:20:48,  3.98s/it]
accuracy: 0.4984, accuracy3: 1.0000, loss: 629613854.5412 ||:  21%|##1       | 577/2700 [37:42<2:17:40,  3.89s/it]
accuracy: 0.4986, accuracy3: 1.0000, loss: 628524557.2162 ||:  21%|##1       | 578/2700 [37:46<2:22:31,  4.03s/it]
accuracy: 0.4985, accuracy3: 1.0000, loss: 627439022.5763 ||:  21%|##1       | 579/2700 [37:50<2:22:18,  4.03s/it]
accuracy: 0.4988, accuracy3: 1.0000, loss: 626357231.1592 ||:  21%|##1       | 580/2700 [37:54<2:19:29,  3.95s/it]
accuracy: 0.4988, accuracy3: 1.0000, loss: 625279163.6369 ||:  22%|##1       | 581/2700 [37:58<2:18:30,  3.92s/it]
accuracy: 0.4988, accuracy3: 1.0000, loss: 624204800.8140 ||:  22%|##1       | 582/2700 [38:02<2:22:33,  4.04s/it]
accuracy: 0.4987, accuracy3: 1.0000, loss: 623134123.6268 ||:  22%|##1       | 583/2700 [38:06<2:18:49,  3.93s/it]
accuracy: 0.4987, accuracy3: 1.0000, loss: 622067113.1423 ||:  22%|##1       | 584/2700 [38:10<2:24:03,  4.08s/it]
accuracy: 0.4986, accuracy3: 1.0000, loss: 621003750.5570 ||:  22%|##1       | 585/2700 [38:14<2:23:13,  4.06s/it]
accuracy: 0.4985, accuracy3: 1.0000, loss: 619944017.1954 ||:  22%|##1       | 586/2700 [38:18<2:22:10,  4.04s/it]
accuracy: 0.4987, accuracy3: 1.0000, loss: 618887894.5097 ||:  22%|##1       | 587/2700 [38:22<2:17:59,  3.92s/it]
accuracy: 0.4989, accuracy3: 1.0000, loss: 617835364.0781 ||:  22%|##1       | 588/2700 [38:26<2:15:07,  3.84s/it]
accuracy: 0.4990, accuracy3: 1.0000, loss: 616786407.6037 ||:  22%|##1       | 589/2700 [38:30<2:14:29,  3.82s/it]
accuracy: 0.4988, accuracy3: 1.0000, loss: 615741006.9141 ||:  22%|##1       | 590/2700 [38:34<2:17:32,  3.91s/it]
accuracy: 0.4990, accuracy3: 1.0000, loss: 614699143.9594 ||:  22%|##1       | 591/2700 [38:38<2:17:12,  3.90s/it]
accuracy: 0.4988, accuracy3: 1.0000, loss: 613660800.8120 ||:  22%|##1       | 592/2700 [38:42<2:18:03,  3.93s/it]
accuracy: 0.4987, accuracy3: 1.0000, loss: 612625959.6650 ||:  22%|##1       | 593/2700 [38:46<2:26:45,  4.18s/it]
accuracy: 0.4986, accuracy3: 1.0000, loss: 611594602.8318 ||:  22%|##2       | 594/2700 [38:50<2:26:34,  4.18s/it]
accuracy: 0.4984, accuracy3: 1.0000, loss: 610566712.7441 ||:  22%|##2       | 595/2700 [38:54<2:21:29,  4.03s/it]
accuracy: 0.4986, accuracy3: 1.0000, loss: 609542271.9521 ||:  22%|##2       | 596/2700 [38:58<2:24:45,  4.13s/it]
accuracy: 0.4988, accuracy3: 1.0000, loss: 608521263.1225 ||:  22%|##2       | 597/2700 [39:03<2:23:38,  4.10s/it]
accuracy: 0.4989, accuracy3: 1.0000, loss: 607503669.0382 ||:  22%|##2       | 598/2700 [39:07<2:23:03,  4.08s/it]
accuracy: 0.4989, accuracy3: 1.0000, loss: 606489472.5969 ||:  22%|##2       | 599/2700 [39:11<2:21:46,  4.05s/it]
accuracy: 0.4990, accuracy3: 1.0000, loss: 605478656.8104 ||:  22%|##2       | 600/2700 [39:14<2:17:30,  3.93s/it]
accuracy: 0.4990, accuracy3: 1.0000, loss: 604471204.8035 ||:  22%|##2       | 601/2700 [39:18<2:12:56,  3.80s/it]
accuracy: 0.4990, accuracy3: 1.0000, loss: 603467099.8133 ||:  22%|##2       | 602/2700 [39:22<2:15:09,  3.87s/it]
accuracy: 0.4990, accuracy3: 1.0000, loss: 602466325.1879 ||:  22%|##2       | 603/2700 [39:26<2:15:04,  3.86s/it]
accuracy: 0.4989, accuracy3: 1.0000, loss: 601468864.3858 ||:  22%|##2       | 604/2700 [39:29<2:14:26,  3.85s/it]
